

Microchip MPLAB XC8 Assembler V2.10 build 88905656 
                                                                                               Sat Feb 22 01:24:43 2020

Microchip MPLAB XC8 C Compiler v2.10 (Free license) build 20190730164152 Og1 
     1                           	processor	16F887
     2                           	opt	pw 120
     3                           	opt	flic
     4                           	psect	cinit,global,class=CODE,merge=1,delta=2
     5                           	psect	bssCOMMON,global,class=COMMON,space=1,delta=1
     6                           	psect	cstackCOMMON,global,class=COMMON,space=1,delta=1
     7                           	psect	maintext,global,class=CODE,split=1,delta=2
     8                           	psect	text1,local,class=CODE,merge=1,delta=2
     9                           	psect	text2,local,class=CODE,merge=1,delta=2
    10                           	psect	intentry,global,class=CODE,delta=2
    11                           	dabs	1,0x7E,2
    12  0000                     
    13                           ; Version 2.10
    14                           ; Generated 31/07/2019 GMT
    15                           ; 
    16                           ; Copyright © 2019, Microchip Technology Inc. and its subsidiaries ("Microchip")
    17                           ; All rights reserved.
    18                           ; 
    19                           ; This software is developed by Microchip Technology Inc. and its subsidiaries ("Microch
      +                          ip").
    20                           ; 
    21                           ; Redistribution and use in source and binary forms, with or without modification, are
    22                           ; permitted provided that the following conditions are met:
    23                           ; 
    24                           ;     1. Redistributions of source code must retain the above copyright notice, this lis
      +                          t of
    25                           ;        conditions and the following disclaimer.
    26                           ; 
    27                           ;     2. Redistributions in binary form must reproduce the above copyright notice, this 
      +                          list
    28                           ;        of conditions and the following disclaimer in the documentation and/or other
    29                           ;        materials provided with the distribution.
    30                           ; 
    31                           ;     3. Microchip's name may not be used to endorse or promote products derived from th
      +                          is
    32                           ;        software without specific prior written permission.
    33                           ; 
    34                           ; THIS SOFTWARE IS PROVIDED BY MICROCHIP "AS IS" AND ANY EXPRESS OR IMPLIED WARRANTIES,
    35                           ; INCLUDING, BUT NOT LIMITED TO, THE IMPLIED WARRANTIES OF MERCHANTABILITY AND FITNESS F
      +                          OR
    36                           ; PURPOSE ARE DISCLAIMED.  IN NO EVENT SHALL MICROCHIP BE LIABLE FOR ANY DIRECT, INDIREC
      +                          T,
    37                           ; INCIDENTAL, SPECIAL, EXEMPLARY, OR CONSEQUENTIAL DAMAGES (INCLUDING BUT NOT LIMITED TO
    38                           ; PROCUREMENT OF SUBSTITUTE GOODS OR SERVICES; LOSS OF USE, DATA OR PROFITS; OR BUSINESS
    39                           ; INTERRUPTION) HOWSOEVER CAUSED AND ON ANY THEORY OF LIABILITY, WHETHER IN CONTRACT, ST
      +                          RICT
    40                           ; LIABILITY, OR TORT (INCLUDING NEGLIGENCE OR OTHERWISE) ARISING IN ANY WAY OUT OF THE U
      +                          SE OF
    41                           ; THIS SOFTWARE, EVEN IF ADVISED OF THE POSSIBILITY OF SUCH DAMAGE.
    42                           ; 
    43                           ; 
    44                           ; Code-generator required, PIC16F887 Definitions
    45                           ; 
    46                           ; SFR Addresses
    47  0000                     	;# 
    48  0001                     	;# 
    49  0002                     	;# 
    50  0003                     	;# 
    51  0004                     	;# 
    52  0005                     	;# 
    53  0006                     	;# 
    54  0007                     	;# 
    55  0008                     	;# 
    56  0009                     	;# 
    57  000A                     	;# 
    58  000B                     	;# 
    59  000C                     	;# 
    60  000D                     	;# 
    61  000E                     	;# 
    62  000E                     	;# 
    63  000F                     	;# 
    64  0010                     	;# 
    65  0011                     	;# 
    66  0012                     	;# 
    67  0013                     	;# 
    68  0014                     	;# 
    69  0015                     	;# 
    70  0015                     	;# 
    71  0016                     	;# 
    72  0017                     	;# 
    73  0018                     	;# 
    74  0019                     	;# 
    75  001A                     	;# 
    76  001B                     	;# 
    77  001B                     	;# 
    78  001C                     	;# 
    79  001D                     	;# 
    80  001E                     	;# 
    81  001F                     	;# 
    82  0081                     	;# 
    83  0085                     	;# 
    84  0086                     	;# 
    85  0087                     	;# 
    86  0088                     	;# 
    87  0089                     	;# 
    88  008C                     	;# 
    89  008D                     	;# 
    90  008E                     	;# 
    91  008F                     	;# 
    92  0090                     	;# 
    93  0091                     	;# 
    94  0092                     	;# 
    95  0093                     	;# 
    96  0093                     	;# 
    97  0093                     	;# 
    98  0094                     	;# 
    99  0095                     	;# 
   100  0096                     	;# 
   101  0097                     	;# 
   102  0098                     	;# 
   103  0099                     	;# 
   104  009A                     	;# 
   105  009B                     	;# 
   106  009C                     	;# 
   107  009D                     	;# 
   108  009E                     	;# 
   109  009F                     	;# 
   110  0105                     	;# 
   111  0107                     	;# 
   112  0108                     	;# 
   113  0109                     	;# 
   114  010C                     	;# 
   115  010C                     	;# 
   116  010D                     	;# 
   117  010E                     	;# 
   118  010F                     	;# 
   119  0185                     	;# 
   120  0187                     	;# 
   121  0188                     	;# 
   122  0189                     	;# 
   123  018C                     	;# 
   124  018D                     	;# 
   125  0000                     	;# 
   126  0001                     	;# 
   127  0002                     	;# 
   128  0003                     	;# 
   129  0004                     	;# 
   130  0005                     	;# 
   131  0006                     	;# 
   132  0007                     	;# 
   133  0008                     	;# 
   134  0009                     	;# 
   135  000A                     	;# 
   136  000B                     	;# 
   137  000C                     	;# 
   138  000D                     	;# 
   139  000E                     	;# 
   140  000E                     	;# 
   141  000F                     	;# 
   142  0010                     	;# 
   143  0011                     	;# 
   144  0012                     	;# 
   145  0013                     	;# 
   146  0014                     	;# 
   147  0015                     	;# 
   148  0015                     	;# 
   149  0016                     	;# 
   150  0017                     	;# 
   151  0018                     	;# 
   152  0019                     	;# 
   153  001A                     	;# 
   154  001B                     	;# 
   155  001B                     	;# 
   156  001C                     	;# 
   157  001D                     	;# 
   158  001E                     	;# 
   159  001F                     	;# 
   160  0081                     	;# 
   161  0085                     	;# 
   162  0086                     	;# 
   163  0087                     	;# 
   164  0088                     	;# 
   165  0089                     	;# 
   166  008C                     	;# 
   167  008D                     	;# 
   168  008E                     	;# 
   169  008F                     	;# 
   170  0090                     	;# 
   171  0091                     	;# 
   172  0092                     	;# 
   173  0093                     	;# 
   174  0093                     	;# 
   175  0093                     	;# 
   176  0094                     	;# 
   177  0095                     	;# 
   178  0096                     	;# 
   179  0097                     	;# 
   180  0098                     	;# 
   181  0099                     	;# 
   182  009A                     	;# 
   183  009B                     	;# 
   184  009C                     	;# 
   185  009D                     	;# 
   186  009E                     	;# 
   187  009F                     	;# 
   188  0105                     	;# 
   189  0107                     	;# 
   190  0108                     	;# 
   191  0109                     	;# 
   192  010C                     	;# 
   193  010C                     	;# 
   194  010D                     	;# 
   195  010E                     	;# 
   196  010F                     	;# 
   197  0185                     	;# 
   198  0187                     	;# 
   199  0188                     	;# 
   200  0189                     	;# 
   201  018C                     	;# 
   202  018D                     	;# 
   203  0000                     	;# 
   204  0001                     	;# 
   205  0002                     	;# 
   206  0003                     	;# 
   207  0004                     	;# 
   208  0005                     	;# 
   209  0006                     	;# 
   210  0007                     	;# 
   211  0008                     	;# 
   212  0009                     	;# 
   213  000A                     	;# 
   214  000B                     	;# 
   215  000C                     	;# 
   216  000D                     	;# 
   217  000E                     	;# 
   218  000E                     	;# 
   219  000F                     	;# 
   220  0010                     	;# 
   221  0011                     	;# 
   222  0012                     	;# 
   223  0013                     	;# 
   224  0014                     	;# 
   225  0015                     	;# 
   226  0015                     	;# 
   227  0016                     	;# 
   228  0017                     	;# 
   229  0018                     	;# 
   230  0019                     	;# 
   231  001A                     	;# 
   232  001B                     	;# 
   233  001B                     	;# 
   234  001C                     	;# 
   235  001D                     	;# 
   236  001E                     	;# 
   237  001F                     	;# 
   238  0081                     	;# 
   239  0085                     	;# 
   240  0086                     	;# 
   241  0087                     	;# 
   242  0088                     	;# 
   243  0089                     	;# 
   244  008C                     	;# 
   245  008D                     	;# 
   246  008E                     	;# 
   247  008F                     	;# 
   248  0090                     	;# 
   249  0091                     	;# 
   250  0092                     	;# 
   251  0093                     	;# 
   252  0093                     	;# 
   253  0093                     	;# 
   254  0094                     	;# 
   255  0095                     	;# 
   256  0096                     	;# 
   257  0097                     	;# 
   258  0098                     	;# 
   259  0099                     	;# 
   260  009A                     	;# 
   261  009B                     	;# 
   262  009C                     	;# 
   263  009D                     	;# 
   264  009E                     	;# 
   265  009F                     	;# 
   266  0105                     	;# 
   267  0107                     	;# 
   268  0108                     	;# 
   269  0109                     	;# 
   270  010C                     	;# 
   271  010C                     	;# 
   272  010D                     	;# 
   273  010E                     	;# 
   274  010F                     	;# 
   275  0185                     	;# 
   276  0187                     	;# 
   277  0188                     	;# 
   278  0189                     	;# 
   279  018C                     	;# 
   280  018D                     	;# 
   281  0014                     _SSPCON	set	20
   282  0006                     _PORTB	set	6
   283  0008                     _PORTD	set	8
   284  0013                     _SSPBUF	set	19
   285  0014                     _SSPCONbits	set	20
   286  000C                     _PIR1bits	set	12
   287  0005                     _PORTA	set	5
   288  0006                     _PORTBbits	set	6
   289  000B                     _INTCONbits	set	11
   290  0063                     _SSPIF	set	99
   291  005E                     _PEIE	set	94
   292  005F                     _GIE	set	95
   293  0091                     _SSPCON2bits	set	145
   294  0087                     _TRISCbits	set	135
   295  0094                     _SSPSTAT	set	148
   296  0093                     _SSPADD	set	147
   297  0091                     _SSPCON2	set	145
   298  0096                     _IOCB	set	150
   299  0088                     _TRISD	set	136
   300  0086                     _TRISB	set	134
   301  0085                     _TRISA	set	133
   302  0094                     _SSPSTATbits	set	148
   303  0463                     _SSPIE	set	1123
   304  043C                     _TRISC4	set	1084
   305  043B                     _TRISC3	set	1083
   306  04A0                     _BF	set	1184
   307  0189                     _ANSELH	set	393
   308  0188                     _ANSEL	set	392
   309                           
   310                           ; #config settings
   311  0000                     
   312                           	psect	cinit
   313  000F                     start_initialization:	
   314  000F                     __initialization:	
   315                           
   316                           ; Clear objects allocated to COMMON
   317  000F  01F4               	clrf	__pbssCOMMON& (0+127)
   318  0010  01F5               	clrf	(__pbssCOMMON+1)& (0+127)
   319  0011                     end_of_initialization:	
   320                           ;End of C runtime variable initialization code
   321                           
   322  0011                     __end_of__initialization:	
   323  0011  0183               	clrf	3
   324  0012  120A  118A  28A0   	ljmp	_main	;jump to C main() function
   325                           
   326                           	psect	bssCOMMON
   327  0074                     __pbssCOMMON:	
   328  0074                     _dato:	
   329  0074                     	ds	1
   330  0075                     _z:	
   331  0075                     	ds	1
   332                           
   333                           	psect	cstackCOMMON
   334  0070                     __pcstackCOMMON:	
   335  0070                     ?_I2C_Slave_Init:	
   336  0070                     ?_isr:	
   337                           ; 1 bytes @ 0x0
   338                           
   339  0070                     ??_isr:	
   340                           ; 1 bytes @ 0x0
   341                           
   342  0070                     ?_main:	
   343                           ; 1 bytes @ 0x0
   344                           
   345                           
   346                           ; 1 bytes @ 0x0
   347  0070                     	ds	3
   348  0073                     ??_I2C_Slave_Init:	
   349  0073                     I2C_Slave_Init@address:	
   350                           ; 1 bytes @ 0x3
   351                           
   352                           
   353                           ; 1 bytes @ 0x3
   354  0073                     	ds	1
   355  0074                     ??_main:	
   356                           
   357                           	psect	maintext
   358  00A0                     __pmaintext:	
   359                           ; 1 bytes @ 0x4
   360 ;;
   361 ;;Main: autosize = 0, tempsize = 0, incstack = 0, save=0
   362 ;;
   363 ;; *************** function _main *****************
   364 ;; Defined at:
   365 ;;		line 95 in file "I2C_Slave2.c"
   366 ;; Parameters:    Size  Location     Type
   367 ;;		None
   368 ;; Auto vars:     Size  Location     Type
   369 ;;		None
   370 ;; Return value:  Size  Location     Type
   371 ;;                  1    wreg      void 
   372 ;; Registers used:
   373 ;;		wreg, status,2, status,0, pclath, cstack
   374 ;; Tracked objects:
   375 ;;		On entry : B00/0
   376 ;;		On exit  : 0/0
   377 ;;		Unchanged: 0/0
   378 ;; Data sizes:     COMMON   BANK0   BANK1   BANK3   BANK2
   379 ;;      Params:         0       0       0       0       0
   380 ;;      Locals:         0       0       0       0       0
   381 ;;      Temps:          0       0       0       0       0
   382 ;;      Totals:         0       0       0       0       0
   383 ;;Total ram usage:        0 bytes
   384 ;; Hardware stack levels required when called:    2
   385 ;; This function calls:
   386 ;;		_I2C_Slave_Init
   387 ;; This function is called by:
   388 ;;		Startup code after reset
   389 ;; This function uses a non-reentrant model
   390 ;;
   391                           
   392                           
   393                           ;psect for function _main
   394  00A0                     _main:	
   395  00A0                     l792:	
   396                           ;incstack = 0
   397                           ; Regs used in _main: [wreg+status,2+status,0+pclath+cstack]
   398                           
   399                           
   400                           ;I2C_Slave2.c: 96:     ANSEL = 0;
   401  00A0  1683               	bsf	3,5	;RP0=1, select bank3
   402  00A1  1703               	bsf	3,6	;RP1=1, select bank3
   403  00A2  0188               	clrf	8	;volatile
   404                           
   405                           ;I2C_Slave2.c: 97:     ANSELH = 0;
   406  00A3  0189               	clrf	9	;volatile
   407                           
   408                           ;I2C_Slave2.c: 99:     TRISA = 0;
   409  00A4  1683               	bsf	3,5	;RP0=1, select bank1
   410  00A5  1303               	bcf	3,6	;RP1=0, select bank1
   411  00A6  0185               	clrf	5	;volatile
   412  00A7                     l794:	
   413                           
   414                           ;I2C_Slave2.c: 100:     TRISB = 0b00000011;
   415  00A7  3003               	movlw	3
   416  00A8  0086               	movwf	6	;volatile
   417  00A9                     l796:	
   418                           
   419                           ;I2C_Slave2.c: 101:     TRISD = 0;
   420  00A9  0188               	clrf	8	;volatile
   421                           
   422                           ;I2C_Slave2.c: 103:     IOCB = 0b00000011;
   423  00AA  3003               	movlw	3
   424  00AB  0096               	movwf	22	;volatile
   425  00AC                     l798:	
   426                           
   427                           ;I2C_Slave2.c: 105:     PORTA = 0;
   428  00AC  1283               	bcf	3,5	;RP0=0, select bank0
   429  00AD  1303               	bcf	3,6	;RP1=0, select bank0
   430  00AE  0185               	clrf	5	;volatile
   431  00AF                     l800:	
   432                           
   433                           ;I2C_Slave2.c: 106:     PORTB = 0;
   434  00AF  0186               	clrf	6	;volatile
   435  00B0                     l802:	
   436                           
   437                           ;I2C_Slave2.c: 107:     PORTD = 0;
   438  00B0  0188               	clrf	8	;volatile
   439  00B1                     l804:	
   440                           
   441                           ;I2C_Slave2.c: 109:     I2C_Slave_Init(0x60);
   442  00B1  3060               	movlw	96
   443  00B2  120A  118A  20BB  120A  118A  	fcall	_I2C_Slave_Init
   444  00B7                     l68:	
   445                           ;I2C_Slave2.c: 111:     while(1){
   446                           
   447  00B7                     l69:	
   448                           ;I2C_Slave2.c: 113:     }
   449                           
   450  00B7  28B7               	goto	l68
   451  00B8  120A  118A  280C   	ljmp	start
   452  00BB                     __end_of_main:	
   453                           
   454                           	psect	text1
   455  00BB                     __ptext1:	
   456 ;; *************** function _I2C_Slave_Init *****************
   457 ;; Defined at:
   458 ;;		line 82 in file "I2C_Init.c"
   459 ;; Parameters:    Size  Location     Type
   460 ;;  address         1    wreg     unsigned char 
   461 ;; Auto vars:     Size  Location     Type
   462 ;;  address         1    3[COMMON] unsigned char 
   463 ;; Return value:  Size  Location     Type
   464 ;;                  1    wreg      void 
   465 ;; Registers used:
   466 ;;		wreg
   467 ;; Tracked objects:
   468 ;;		On entry : 0/0
   469 ;;		On exit  : 0/0
   470 ;;		Unchanged: 0/0
   471 ;; Data sizes:     COMMON   BANK0   BANK1   BANK3   BANK2
   472 ;;      Params:         0       0       0       0       0
   473 ;;      Locals:         1       0       0       0       0
   474 ;;      Temps:          0       0       0       0       0
   475 ;;      Totals:         1       0       0       0       0
   476 ;;Total ram usage:        1 bytes
   477 ;; Hardware stack levels used:    1
   478 ;; Hardware stack levels required when called:    1
   479 ;; This function calls:
   480 ;;		Nothing
   481 ;; This function is called by:
   482 ;;		_main
   483 ;; This function uses a non-reentrant model
   484 ;;
   485                           
   486                           
   487                           ;psect for function _I2C_Slave_Init
   488  00BB                     _I2C_Slave_Init:	
   489                           
   490                           ;incstack = 0
   491                           ; Regs used in _I2C_Slave_Init: [wreg]
   492                           ;I2C_Slave_Init@address stored from wreg
   493  00BB  00F3               	movwf	I2C_Slave_Init@address
   494  00BC                     l718:	
   495                           
   496                           ;I2C_Init.c: 82: void I2C_Slave_Init(uint8_t address);I2C_Init.c: 83: {;I2C_Init.c: 84: 
      +                              SSPADD = address;
   497  00BC  0873               	movf	I2C_Slave_Init@address,w
   498  00BD  1683               	bsf	3,5	;RP0=1, select bank1
   499  00BE  1303               	bcf	3,6	;RP1=0, select bank1
   500  00BF  0093               	movwf	19	;volatile
   501                           
   502                           ;I2C_Init.c: 85:     SSPCON = 0x36;
   503  00C0  3036               	movlw	54
   504  00C1  1283               	bcf	3,5	;RP0=0, select bank0
   505  00C2  1303               	bcf	3,6	;RP1=0, select bank0
   506  00C3  0094               	movwf	20	;volatile
   507                           
   508                           ;I2C_Init.c: 86:     SSPSTAT = 0x80;
   509  00C4  3080               	movlw	128
   510  00C5  1683               	bsf	3,5	;RP0=1, select bank1
   511  00C6  1303               	bcf	3,6	;RP1=0, select bank1
   512  00C7  0094               	movwf	20	;volatile
   513                           
   514                           ;I2C_Init.c: 87:     SSPCON2 = 0x01;
   515  00C8  3001               	movlw	1
   516  00C9  0091               	movwf	17	;volatile
   517  00CA                     l720:	
   518                           
   519                           ;I2C_Init.c: 88:     TRISC3 = 1;
   520  00CA  1587               	bsf	7,3	;volatile
   521  00CB                     l722:	
   522                           
   523                           ;I2C_Init.c: 89:     TRISC4 = 1;
   524  00CB  1607               	bsf	7,4	;volatile
   525  00CC                     l724:	
   526                           
   527                           ;I2C_Init.c: 90:     GIE = 1;
   528  00CC  178B               	bsf	11,7	;volatile
   529  00CD                     l726:	
   530                           
   531                           ;I2C_Init.c: 91:     PEIE = 1;
   532  00CD  170B               	bsf	11,6	;volatile
   533  00CE                     l728:	
   534                           
   535                           ;I2C_Init.c: 92:     SSPIF = 0;
   536  00CE  1283               	bcf	3,5	;RP0=0, select bank0
   537  00CF  1303               	bcf	3,6	;RP1=0, select bank0
   538  00D0  118C               	bcf	12,3	;volatile
   539  00D1                     l730:	
   540                           
   541                           ;I2C_Init.c: 93:     SSPIE = 1;
   542  00D1  1683               	bsf	3,5	;RP0=1, select bank1
   543  00D2  1303               	bcf	3,6	;RP1=0, select bank1
   544  00D3  158C               	bsf	12,3	;volatile
   545  00D4                     l126:	
   546  00D4  0008               	return
   547  00D5                     __end_of_I2C_Slave_Init:	
   548                           
   549                           	psect	text2
   550  0015                     __ptext2:	
   551 ;; *************** function _isr *****************
   552 ;; Defined at:
   553 ;;		line 47 in file "I2C_Slave2.c"
   554 ;; Parameters:    Size  Location     Type
   555 ;;		None
   556 ;; Auto vars:     Size  Location     Type
   557 ;;		None
   558 ;; Return value:  Size  Location     Type
   559 ;;                  1    wreg      void 
   560 ;; Registers used:
   561 ;;		wreg, status,2, status,0
   562 ;; Tracked objects:
   563 ;;		On entry : 0/0
   564 ;;		On exit  : 0/0
   565 ;;		Unchanged: 0/0
   566 ;; Data sizes:     COMMON   BANK0   BANK1   BANK3   BANK2
   567 ;;      Params:         0       0       0       0       0
   568 ;;      Locals:         0       0       0       0       0
   569 ;;      Temps:          3       0       0       0       0
   570 ;;      Totals:         3       0       0       0       0
   571 ;;Total ram usage:        3 bytes
   572 ;; Hardware stack levels used:    1
   573 ;; This function calls:
   574 ;;		Nothing
   575 ;; This function is called by:
   576 ;;		Interrupt level 1
   577 ;; This function uses a non-reentrant model
   578 ;;
   579                           
   580                           
   581                           ;psect for function _isr
   582  0015                     _isr:	
   583  0015                     i1l736:	
   584                           
   585                           ;I2C_Slave2.c: 48:     if(INTCONbits.RBIF == 1 && PORTBbits.RB1 == 1){
   586  0015  1C0B               	btfss	11,0	;volatile
   587  0016  2818               	goto	u3_21
   588  0017  2819               	goto	u3_20
   589  0018                     u3_21:	
   590  0018  282A               	goto	i1l746
   591  0019                     u3_20:	
   592  0019                     i1l738:	
   593  0019  1283               	bcf	3,5	;RP0=0, select bank0
   594  001A  1303               	bcf	3,6	;RP1=0, select bank0
   595  001B  1C86               	btfss	6,1	;volatile
   596  001C  281E               	goto	u4_21
   597  001D  281F               	goto	u4_20
   598  001E                     u4_21:	
   599  001E  282A               	goto	i1l746
   600  001F                     u4_20:	
   601  001F                     i1l740:	
   602                           
   603                           ;I2C_Slave2.c: 49:         PORTA++;
   604  001F  3001               	movlw	1
   605  0020  00F0               	movwf	??_isr
   606  0021  0870               	movf	??_isr,w
   607  0022  0785               	addwf	5,f	;volatile
   608  0023                     i1l742:	
   609                           
   610                           ;I2C_Slave2.c: 50:         if(PORTA > 15){
   611  0023  3010               	movlw	16
   612  0024  0205               	subwf	5,w	;volatile
   613  0025  1C03               	skipc
   614  0026  2828               	goto	u5_21
   615  0027  2829               	goto	u5_20
   616  0028                     u5_21:	
   617  0028  282A               	goto	i1l746
   618  0029                     u5_20:	
   619  0029                     i1l744:	
   620                           
   621                           ;I2C_Slave2.c: 51:             PORTA = 0;
   622  0029  0185               	clrf	5	;volatile
   623  002A                     i1l746:	
   624                           
   625                           ;I2C_Slave2.c: 54:     if(INTCONbits.RBIF == 1 && PORTBbits.RB0 == 1){
   626  002A  1C0B               	btfss	11,0	;volatile
   627  002B  282D               	goto	u6_21
   628  002C  282E               	goto	u6_20
   629  002D                     u6_21:	
   630  002D  283E               	goto	i1l756
   631  002E                     u6_20:	
   632  002E                     i1l748:	
   633  002E  1283               	bcf	3,5	;RP0=0, select bank0
   634  002F  1303               	bcf	3,6	;RP1=0, select bank0
   635  0030  1C06               	btfss	6,0	;volatile
   636  0031  2833               	goto	u7_21
   637  0032  2834               	goto	u7_20
   638  0033                     u7_21:	
   639  0033  283E               	goto	i1l756
   640  0034                     u7_20:	
   641  0034                     i1l750:	
   642                           
   643                           ;I2C_Slave2.c: 55:         if(PORTA == 0){
   644  0034  0805               	movf	5,w	;volatile
   645  0035  1D03               	btfss	3,2
   646  0036  2838               	goto	u8_21
   647  0037  2839               	goto	u8_20
   648  0038                     u8_21:	
   649  0038  283C               	goto	i1l754
   650  0039                     u8_20:	
   651  0039                     i1l752:	
   652                           
   653                           ;I2C_Slave2.c: 56:             PORTA = 15;
   654  0039  300F               	movlw	15
   655  003A  0085               	movwf	5	;volatile
   656                           
   657                           ;I2C_Slave2.c: 57:         }else{
   658  003B  283E               	goto	i1l756
   659  003C                     i1l754:	
   660                           
   661                           ;I2C_Slave2.c: 58:             PORTA--;
   662  003C  3001               	movlw	1
   663  003D  0285               	subwf	5,f	;volatile
   664  003E                     i1l756:	
   665                           
   666                           ;I2C_Slave2.c: 61:     INTCONbits.RBIF = 0;
   667  003E  100B               	bcf	11,0	;volatile
   668  003F                     i1l758:	
   669                           
   670                           ;I2C_Slave2.c: 62:    if(PIR1bits.SSPIF == 1){
   671  003F  1283               	bcf	3,5	;RP0=0, select bank0
   672  0040  1303               	bcf	3,6	;RP1=0, select bank0
   673  0041  1D8C               	btfss	12,3	;volatile
   674  0042  2844               	goto	u9_21
   675  0043  2845               	goto	u9_20
   676  0044                     u9_21:	
   677  0044  2899               	goto	i1l63
   678  0045                     u9_20:	
   679  0045                     i1l760:	
   680                           
   681                           ;I2C_Slave2.c: 64:         SSPCONbits.CKP = 0;
   682  0045  1214               	bcf	20,4	;volatile
   683                           
   684                           ;I2C_Slave2.c: 66:         if ((SSPCONbits.SSPOV) || (SSPCONbits.WCOL)){
   685  0046  1B14               	btfsc	20,6	;volatile
   686  0047  2849               	goto	u10_21
   687  0048  284A               	goto	u10_20
   688  0049                     u10_21:	
   689  0049  284E               	goto	i1l764
   690  004A                     u10_20:	
   691  004A                     i1l762:	
   692  004A  1F94               	btfss	20,7	;volatile
   693  004B  284D               	goto	u11_21
   694  004C  284E               	goto	u11_20
   695  004D                     u11_21:	
   696  004D  2855               	goto	i1l772
   697  004E                     u11_20:	
   698  004E                     i1l764:	
   699                           
   700                           ;I2C_Slave2.c: 67:             z = SSPBUF;
   701  004E  0813               	movf	19,w	;volatile
   702  004F  00F0               	movwf	??_isr
   703  0050  0870               	movf	??_isr,w
   704  0051  00F5               	movwf	_z
   705  0052                     i1l766:	
   706                           
   707                           ;I2C_Slave2.c: 68:             SSPCONbits.SSPOV = 0;
   708  0052  1314               	bcf	20,6	;volatile
   709  0053                     i1l768:	
   710                           
   711                           ;I2C_Slave2.c: 69:             SSPCONbits.WCOL = 0;
   712  0053  1394               	bcf	20,7	;volatile
   713  0054                     i1l770:	
   714                           
   715                           ;I2C_Slave2.c: 70:             SSPCONbits.CKP = 1;
   716  0054  1614               	bsf	20,4	;volatile
   717  0055                     i1l772:	
   718                           
   719                           ;I2C_Slave2.c: 73:         if(!SSPSTATbits.D_nA && !SSPSTATbits.R_nW) {
   720  0055  1683               	bsf	3,5	;RP0=1, select bank1
   721  0056  1303               	bcf	3,6	;RP1=0, select bank1
   722  0057  1A94               	btfsc	20,5	;volatile
   723  0058  285A               	goto	u12_21
   724  0059  285B               	goto	u12_20
   725  005A                     u12_21:	
   726  005A  2876               	goto	i1l54
   727  005B                     u12_20:	
   728  005B                     i1l774:	
   729  005B  1914               	btfsc	20,2	;volatile
   730  005C  285E               	goto	u13_21
   731  005D  285F               	goto	u13_20
   732  005E                     u13_21:	
   733  005E  2876               	goto	i1l54
   734  005F                     u13_20:	
   735  005F                     i1l776:	
   736                           
   737                           ;I2C_Slave2.c: 75:             z = SSPBUF;
   738  005F  1283               	bcf	3,5	;RP0=0, select bank0
   739  0060  1303               	bcf	3,6	;RP1=0, select bank0
   740  0061  0813               	movf	19,w	;volatile
   741  0062  00F0               	movwf	??_isr
   742  0063  0870               	movf	??_isr,w
   743  0064  00F5               	movwf	_z
   744  0065                     i1l778:	
   745                           
   746                           ;I2C_Slave2.c: 77:             PIR1bits.SSPIF = 0;
   747  0065  118C               	bcf	12,3	;volatile
   748  0066                     i1l780:	
   749                           
   750                           ;I2C_Slave2.c: 78:             SSPCONbits.CKP = 1;
   751  0066  1614               	bsf	20,4	;volatile
   752  0067                     i1l55:	
   753                           ;I2C_Slave2.c: 79:             while(!SSPSTATbits.BF);
   754                           
   755  0067  1683               	bsf	3,5	;RP0=1, select bank1
   756  0068  1303               	bcf	3,6	;RP1=0, select bank1
   757  0069  1C14               	btfss	20,0	;volatile
   758  006A  286C               	goto	u14_21
   759  006B  286D               	goto	u14_20
   760  006C                     u14_21:	
   761  006C  2867               	goto	i1l55
   762  006D                     u14_20:	
   763  006D                     i1l782:	
   764                           
   765                           ;I2C_Slave2.c: 80:             PORTD = SSPBUF;
   766  006D  1283               	bcf	3,5	;RP0=0, select bank0
   767  006E  1303               	bcf	3,6	;RP1=0, select bank0
   768  006F  0813               	movf	19,w	;volatile
   769  0070  0088               	movwf	8	;volatile
   770                           
   771                           ;I2C_Slave2.c: 81:             _delay((unsigned long)((250)*(4000000/4000000.0)));
   772  0071  3053               	movlw	83
   773  0072  00F0               	movwf	??_isr
   774  0073                     u20_27:	
   775  0073  0BF0               	decfsz	??_isr,f
   776  0074  2873               	goto	u20_27
   777                           
   778                           ;I2C_Slave2.c: 83:         }else if(!SSPSTATbits.D_nA && SSPSTATbits.R_nW){
   779  0075  2896               	goto	i1l58
   780  0076                     i1l54:	
   781  0076  1A94               	btfsc	20,5	;volatile
   782  0077  2879               	goto	u15_21
   783  0078  287A               	goto	u15_20
   784  0079                     u15_21:	
   785  0079  2896               	goto	i1l58
   786  007A                     u15_20:	
   787  007A                     i1l784:	
   788  007A  1D14               	btfss	20,2	;volatile
   789  007B  287D               	goto	u16_21
   790  007C  287E               	goto	u16_20
   791  007D                     u16_21:	
   792  007D  2896               	goto	i1l58
   793  007E                     u16_20:	
   794  007E                     i1l786:	
   795                           
   796                           ;I2C_Slave2.c: 84:             z = SSPBUF;
   797  007E  1283               	bcf	3,5	;RP0=0, select bank0
   798  007F  1303               	bcf	3,6	;RP1=0, select bank0
   799  0080  0813               	movf	19,w	;volatile
   800  0081  00F0               	movwf	??_isr
   801  0082  0870               	movf	??_isr,w
   802  0083  00F5               	movwf	_z
   803  0084                     i1l788:	
   804                           
   805                           ;I2C_Slave2.c: 85:             BF = 0;
   806  0084  1683               	bsf	3,5	;RP0=1, select bank1
   807  0085  1303               	bcf	3,6	;RP1=0, select bank1
   808  0086  1014               	bcf	20,0	;volatile
   809                           
   810                           ;I2C_Slave2.c: 86:             SSPBUF = PORTA;
   811  0087  1283               	bcf	3,5	;RP0=0, select bank0
   812  0088  1303               	bcf	3,6	;RP1=0, select bank0
   813  0089  0805               	movf	5,w	;volatile
   814  008A  0093               	movwf	19	;volatile
   815  008B                     i1l790:	
   816                           
   817                           ;I2C_Slave2.c: 87:             SSPCONbits.CKP = 1;
   818  008B  1614               	bsf	20,4	;volatile
   819                           
   820                           ;I2C_Slave2.c: 88:             _delay((unsigned long)((250)*(4000000/4000000.0)));
   821  008C  3053               	movlw	83
   822  008D  00F0               	movwf	??_isr
   823  008E                     u21_27:	
   824  008E  0BF0               	decfsz	??_isr,f
   825  008F  288E               	goto	u21_27
   826  0090                     i1l60:	
   827                           ;I2C_Slave2.c: 89:             while(SSPSTATbits.BF);
   828                           
   829  0090  1683               	bsf	3,5	;RP0=1, select bank1
   830  0091  1303               	bcf	3,6	;RP1=0, select bank1
   831  0092  1814               	btfsc	20,0	;volatile
   832  0093  2895               	goto	u17_21
   833  0094  2896               	goto	u17_20
   834  0095                     u17_21:	
   835  0095  2890               	goto	i1l60
   836  0096                     u17_20:	
   837  0096                     i1l58:	
   838                           
   839                           ;I2C_Slave2.c: 91:         PIR1bits.SSPIF = 0;
   840  0096  1283               	bcf	3,5	;RP0=0, select bank0
   841  0097  1303               	bcf	3,6	;RP1=0, select bank0
   842  0098  118C               	bcf	12,3	;volatile
   843  0099                     i1l63:	
   844  0099  0872               	movf	??_isr+2,w
   845  009A  008A               	movwf	10
   846  009B  0E71               	swapf	(??_isr+1)^(0+4294967168),w
   847  009C  0083               	movwf	3
   848  009D  0EFE               	swapf	btemp,f
   849  009E  0E7E               	swapf	btemp,w
   850  009F  0009               	retfie
   851  00A0                     __end_of_isr:	
   852  007E                     btemp	set	126	;btemp
   853  007E                     wtemp0	set	126
   854                           
   855                           	psect	intentry
   856  0004                     __pintentry:	
   857                           ;incstack = 0
   858                           ; Regs used in _isr: [wreg+status,2+status,0]
   859                           
   860  0004                     interrupt_function:	
   861  007E                     saved_w	set	btemp
   862  0004  00FE               	movwf	btemp
   863  0005  0E03               	swapf	3,w
   864  0006  00F1               	movwf	??_isr+1
   865  0007  080A               	movf	10,w
   866  0008  00F2               	movwf	??_isr+2
   867  0009  120A  118A  2815   	ljmp	_isr


Data Sizes:
    Strings     0
    Constant    0
    Data        0
    BSS         2
    Persistent  0
    Stack       0

Auto Spaces:
    Space          Size  Autos    Used
    COMMON           14      4       6
    BANK0            80      0       0
    BANK1            80      0       0
    BANK3            96      0       0
    BANK2            96      0       0

Pointer List with Targets:

    None.

Critical Paths under _main in COMMON

    _main->_I2C_Slave_Init

Critical Paths under _isr in COMMON

    None.

Critical Paths under _main in BANK0

    None.

Critical Paths under _isr in BANK0

    None.

Critical Paths under _main in BANK1

    None.

Critical Paths under _isr in BANK1

    None.

Critical Paths under _main in BANK3

    None.

Critical Paths under _isr in BANK3

    None.

Critical Paths under _main in BANK2

    None.

Critical Paths under _isr in BANK2

    None.

Call Graph Tables:

 ---------------------------------------------------------------------------------
 (Depth) Function   	        Calls       Base Space   Used Autos Params    Refs
 ---------------------------------------------------------------------------------
 (0) _main                                                 0     0      0      15
                     _I2C_Slave_Init
 ---------------------------------------------------------------------------------
 (1) _I2C_Slave_Init                                       1     1      0      15
                                              3 COMMON     1     1      0
 ---------------------------------------------------------------------------------
 Estimated maximum stack depth 1
 ---------------------------------------------------------------------------------
 (Depth) Function   	        Calls       Base Space   Used Autos Params    Refs
 ---------------------------------------------------------------------------------
 (2) _isr                                                  3     3      0       0
                                              0 COMMON     3     3      0
 ---------------------------------------------------------------------------------
 Estimated maximum stack depth 2
 ---------------------------------------------------------------------------------

 Call Graph Graphs:

 _main (ROOT)
   _I2C_Slave_Init

 _isr (ROOT)

 Address spaces:
Name               Size   Autos  Total    Cost      Usage
BITCOMMON            E      0       0       0        0.0%
EEDATA             100      0       0       0        0.0%
NULL                 0      0       0       0        0.0%
CODE                 0      0       0       0        0.0%
COMMON               E      4       6       1       42.9%
BITSFR0              0      0       0       1        0.0%
SFR0                 0      0       0       1        0.0%
BITSFR1              0      0       0       2        0.0%
SFR1                 0      0       0       2        0.0%
STACK                0      0       0       2        0.0%
ABS                  0      0       6       3        0.0%
BITBANK0            50      0       0       4        0.0%
BITSFR3              0      0       0       4        0.0%
SFR3                 0      0       0       4        0.0%
BANK0               50      0       0       5        0.0%
BITSFR2              0      0       0       5        0.0%
SFR2                 0      0       0       5        0.0%
BITBANK1            50      0       0       6        0.0%
BANK1               50      0       0       7        0.0%
BITBANK3            60      0       0       8        0.0%
BANK3               60      0       0       9        0.0%
BITBANK2            60      0       0      10        0.0%
BANK2               60      0       0      11        0.0%
DATA                 0      0       6      12        0.0%


Microchip Technology PIC Macro Assembler V2.10 build 88905656 
Symbol Table                                                                                   Sat Feb 22 01:24:43 2020

                       _z 0075               __CFG_CP$OFF 0000               _SSPSTATbits 0094  
                      _BF 04A0                        l68 00B7                        l69 00B7  
                     l126 00D4                       l720 00CA                       l800 00AF  
                     l730 00D1                       l722 00CB                       l802 00B0  
                     l724 00CC                       l804 00B1                       l726 00CD  
                     l718 00BC                       l728 00CE                       l792 00A0  
                     l794 00A7                       l796 00A9                       l798 00AC  
                     _GIE 005F              __CFG_CPD$OFF 0000                       _isr 0015  
            __CFG_LVP$OFF 0000                      ?_isr 0070                      _IOCB 0096  
                    _PEIE 005E                      i1l60 0090                      i1l54 0076  
                    i1l55 0067                      i1l63 0099                      i1l58 0096  
                    u3_20 0019                      u3_21 0018                      u4_20 001F  
                    u4_21 001E                      u5_20 0029                      u5_21 0028  
                    u6_20 002E                      u6_21 002D                      u7_20 0034  
                    u7_21 0033                      u8_20 0039                      u8_21 0038  
                    u9_20 0045                      u9_21 0044              __CFG_WRT$OFF 0000  
                    _dato 0074                      _main 00A0                      btemp 007E  
                    start 000C             __CFG_IESO$OFF 0000                     ??_isr 0070  
                   ?_main 0070             __CFG_WDTE$OFF 0000                     _ANSEL 0188  
                   i1l740 001F                     i1l750 0034                     i1l742 0023  
                   i1l760 0045                     i1l752 0039                     i1l744 0029  
                   i1l736 0015                     i1l770 0054                     i1l762 004A  
                   i1l754 003C                     i1l738 0019                     i1l746 002A  
                   i1l780 0066                     i1l772 0055                     i1l764 004E  
                   i1l748 002E                     i1l756 003E                     i1l790 008B  
                   i1l782 006D                     i1l774 005B                     i1l766 0052  
                   i1l758 003F                     i1l784 007A                     i1l776 005F  
                   i1l768 0053                     i1l786 007E                     i1l778 0065  
                   i1l788 0084                     u10_20 004A                     u10_21 0049  
                   u11_20 004E                     u11_21 004D                     u12_20 005B  
                   u12_21 005A                     u20_27 0073                     u13_20 005F  
                   u13_21 005E                     u21_27 008E                     u14_20 006D  
                   u14_21 006C                     u15_20 007A                     u15_21 0079  
                   u16_20 007E                     u16_21 007D                     u17_20 0096  
                   u17_21 0095                     _PORTA 0005                     _PORTB 0006  
                   _PORTD 0008                     _TRISA 0085                     _TRISB 0086  
                   _TRISD 0088                     _SSPIE 0463                     _SSPIF 0063  
          __CFG_FCMEN$OFF 0000            __CFG_BOREN$OFF 0000                     pclath 000A  
                   status 0003                     wtemp0 007E            __CFG_MCLRE$OFF 0000  
         __initialization 000F              __end_of_main 00BB                    ??_main 0074  
                  _ANSELH 0189                    _SSPADD 0093                    _TRISC3 043B  
                  _TRISC4 043C                    _SSPBUF 0013                    _SSPCON 0014  
          __CFG_PWRTE$OFF 0000                    saved_w 007E   __end_of__initialization 0011  
          __pcstackCOMMON 0070   __size_of_I2C_Slave_Init 001A     I2C_Slave_Init@address 0073  
              __pmaintext 00A0                __pintentry 0004                   _SSPCON2 0091  
                 _SSPSTAT 0094                   __ptext1 00BB                   __ptext2 0015  
            __size_of_isr 008B      end_of_initialization 0011            _I2C_Slave_Init 00BB  
               _PORTBbits 0006                 _TRISCbits 0087    __end_of_I2C_Slave_Init 00D5  
     start_initialization 000F               __end_of_isr 00A0  __CFG_FOSC$INTRC_NOCLKOUT 0000  
         ?_I2C_Slave_Init 0070               __pbssCOMMON 0074                 ___latbits 0002  
       interrupt_function 0004                  _PIR1bits 000C         __CFG_BOR4V$BOR40V 0000  
        ??_I2C_Slave_Init 0073             __size_of_main 001B                _INTCONbits 000B  
                intlevel1 0000               _SSPCON2bits 0091                _SSPCONbits 0014  
