

Microchip MPLAB XC8 Assembler V2.10 build 88905656 
                                                                                               Fri Feb 21 15:20:39 2020

Microchip MPLAB XC8 C Compiler v2.10 (Free license) build 20190730164152 Og1 
     1                           	processor	16F887
     2                           	opt	pw 120
     3                           	opt	flic
     4                           	psect	cinit,global,class=CODE,merge=1,delta=2
     5                           	psect	bssCOMMON,global,class=COMMON,space=1,delta=1
     6                           	psect	cstackCOMMON,global,class=COMMON,space=1,delta=1
     7                           	psect	maintext,global,class=CODE,split=1,delta=2
     8                           	psect	text1,local,class=CODE,merge=1,delta=2
     9                           	psect	text2,local,class=CODE,merge=1,delta=2
    10                           	psect	text3,local,class=CODE,merge=1,delta=2
    11                           	psect	intentry,global,class=CODE,delta=2
    12                           	dabs	1,0x7E,2
    13  0000                     
    14                           ; Version 2.10
    15                           ; Generated 31/07/2019 GMT
    16                           ; 
    17                           ; Copyright © 2019, Microchip Technology Inc. and its subsidiaries ("Microchip")
    18                           ; All rights reserved.
    19                           ; 
    20                           ; This software is developed by Microchip Technology Inc. and its subsidiaries ("Microch
      +                          ip").
    21                           ; 
    22                           ; Redistribution and use in source and binary forms, with or without modification, are
    23                           ; permitted provided that the following conditions are met:
    24                           ; 
    25                           ;     1. Redistributions of source code must retain the above copyright notice, this lis
      +                          t of
    26                           ;        conditions and the following disclaimer.
    27                           ; 
    28                           ;     2. Redistributions in binary form must reproduce the above copyright notice, this 
      +                          list
    29                           ;        of conditions and the following disclaimer in the documentation and/or other
    30                           ;        materials provided with the distribution.
    31                           ; 
    32                           ;     3. Microchip's name may not be used to endorse or promote products derived from th
      +                          is
    33                           ;        software without specific prior written permission.
    34                           ; 
    35                           ; THIS SOFTWARE IS PROVIDED BY MICROCHIP "AS IS" AND ANY EXPRESS OR IMPLIED WARRANTIES,
    36                           ; INCLUDING, BUT NOT LIMITED TO, THE IMPLIED WARRANTIES OF MERCHANTABILITY AND FITNESS F
      +                          OR
    37                           ; PURPOSE ARE DISCLAIMED.  IN NO EVENT SHALL MICROCHIP BE LIABLE FOR ANY DIRECT, INDIREC
      +                          T,
    38                           ; INCIDENTAL, SPECIAL, EXEMPLARY, OR CONSEQUENTIAL DAMAGES (INCLUDING BUT NOT LIMITED TO
    39                           ; PROCUREMENT OF SUBSTITUTE GOODS OR SERVICES; LOSS OF USE, DATA OR PROFITS; OR BUSINESS
    40                           ; INTERRUPTION) HOWSOEVER CAUSED AND ON ANY THEORY OF LIABILITY, WHETHER IN CONTRACT, ST
      +                          RICT
    41                           ; LIABILITY, OR TORT (INCLUDING NEGLIGENCE OR OTHERWISE) ARISING IN ANY WAY OUT OF THE U
      +                          SE OF
    42                           ; THIS SOFTWARE, EVEN IF ADVISED OF THE POSSIBILITY OF SUCH DAMAGE.
    43                           ; 
    44                           ; 
    45                           ; Code-generator required, PIC16F887 Definitions
    46                           ; 
    47                           ; SFR Addresses
    48  0000                     	;# 
    49  0001                     	;# 
    50  0002                     	;# 
    51  0003                     	;# 
    52  0004                     	;# 
    53  0005                     	;# 
    54  0006                     	;# 
    55  0007                     	;# 
    56  0008                     	;# 
    57  0009                     	;# 
    58  000A                     	;# 
    59  000B                     	;# 
    60  000C                     	;# 
    61  000D                     	;# 
    62  000E                     	;# 
    63  000E                     	;# 
    64  000F                     	;# 
    65  0010                     	;# 
    66  0011                     	;# 
    67  0012                     	;# 
    68  0013                     	;# 
    69  0014                     	;# 
    70  0015                     	;# 
    71  0015                     	;# 
    72  0016                     	;# 
    73  0017                     	;# 
    74  0018                     	;# 
    75  0019                     	;# 
    76  001A                     	;# 
    77  001B                     	;# 
    78  001B                     	;# 
    79  001C                     	;# 
    80  001D                     	;# 
    81  001E                     	;# 
    82  001F                     	;# 
    83  0081                     	;# 
    84  0085                     	;# 
    85  0086                     	;# 
    86  0087                     	;# 
    87  0088                     	;# 
    88  0089                     	;# 
    89  008C                     	;# 
    90  008D                     	;# 
    91  008E                     	;# 
    92  008F                     	;# 
    93  0090                     	;# 
    94  0091                     	;# 
    95  0092                     	;# 
    96  0093                     	;# 
    97  0093                     	;# 
    98  0093                     	;# 
    99  0094                     	;# 
   100  0095                     	;# 
   101  0096                     	;# 
   102  0097                     	;# 
   103  0098                     	;# 
   104  0099                     	;# 
   105  009A                     	;# 
   106  009B                     	;# 
   107  009C                     	;# 
   108  009D                     	;# 
   109  009E                     	;# 
   110  009F                     	;# 
   111  0105                     	;# 
   112  0107                     	;# 
   113  0108                     	;# 
   114  0109                     	;# 
   115  010C                     	;# 
   116  010C                     	;# 
   117  010D                     	;# 
   118  010E                     	;# 
   119  010F                     	;# 
   120  0185                     	;# 
   121  0187                     	;# 
   122  0188                     	;# 
   123  0189                     	;# 
   124  018C                     	;# 
   125  018D                     	;# 
   126  0000                     	;# 
   127  0001                     	;# 
   128  0002                     	;# 
   129  0003                     	;# 
   130  0004                     	;# 
   131  0005                     	;# 
   132  0006                     	;# 
   133  0007                     	;# 
   134  0008                     	;# 
   135  0009                     	;# 
   136  000A                     	;# 
   137  000B                     	;# 
   138  000C                     	;# 
   139  000D                     	;# 
   140  000E                     	;# 
   141  000E                     	;# 
   142  000F                     	;# 
   143  0010                     	;# 
   144  0011                     	;# 
   145  0012                     	;# 
   146  0013                     	;# 
   147  0014                     	;# 
   148  0015                     	;# 
   149  0015                     	;# 
   150  0016                     	;# 
   151  0017                     	;# 
   152  0018                     	;# 
   153  0019                     	;# 
   154  001A                     	;# 
   155  001B                     	;# 
   156  001B                     	;# 
   157  001C                     	;# 
   158  001D                     	;# 
   159  001E                     	;# 
   160  001F                     	;# 
   161  0081                     	;# 
   162  0085                     	;# 
   163  0086                     	;# 
   164  0087                     	;# 
   165  0088                     	;# 
   166  0089                     	;# 
   167  008C                     	;# 
   168  008D                     	;# 
   169  008E                     	;# 
   170  008F                     	;# 
   171  0090                     	;# 
   172  0091                     	;# 
   173  0092                     	;# 
   174  0093                     	;# 
   175  0093                     	;# 
   176  0093                     	;# 
   177  0094                     	;# 
   178  0095                     	;# 
   179  0096                     	;# 
   180  0097                     	;# 
   181  0098                     	;# 
   182  0099                     	;# 
   183  009A                     	;# 
   184  009B                     	;# 
   185  009C                     	;# 
   186  009D                     	;# 
   187  009E                     	;# 
   188  009F                     	;# 
   189  0105                     	;# 
   190  0107                     	;# 
   191  0108                     	;# 
   192  0109                     	;# 
   193  010C                     	;# 
   194  010C                     	;# 
   195  010D                     	;# 
   196  010E                     	;# 
   197  010F                     	;# 
   198  0185                     	;# 
   199  0187                     	;# 
   200  0188                     	;# 
   201  0189                     	;# 
   202  018C                     	;# 
   203  018D                     	;# 
   204  0000                     	;# 
   205  0001                     	;# 
   206  0002                     	;# 
   207  0003                     	;# 
   208  0004                     	;# 
   209  0005                     	;# 
   210  0006                     	;# 
   211  0007                     	;# 
   212  0008                     	;# 
   213  0009                     	;# 
   214  000A                     	;# 
   215  000B                     	;# 
   216  000C                     	;# 
   217  000D                     	;# 
   218  000E                     	;# 
   219  000E                     	;# 
   220  000F                     	;# 
   221  0010                     	;# 
   222  0011                     	;# 
   223  0012                     	;# 
   224  0013                     	;# 
   225  0014                     	;# 
   226  0015                     	;# 
   227  0015                     	;# 
   228  0016                     	;# 
   229  0017                     	;# 
   230  0018                     	;# 
   231  0019                     	;# 
   232  001A                     	;# 
   233  001B                     	;# 
   234  001B                     	;# 
   235  001C                     	;# 
   236  001D                     	;# 
   237  001E                     	;# 
   238  001F                     	;# 
   239  0081                     	;# 
   240  0085                     	;# 
   241  0086                     	;# 
   242  0087                     	;# 
   243  0088                     	;# 
   244  0089                     	;# 
   245  008C                     	;# 
   246  008D                     	;# 
   247  008E                     	;# 
   248  008F                     	;# 
   249  0090                     	;# 
   250  0091                     	;# 
   251  0092                     	;# 
   252  0093                     	;# 
   253  0093                     	;# 
   254  0093                     	;# 
   255  0094                     	;# 
   256  0095                     	;# 
   257  0096                     	;# 
   258  0097                     	;# 
   259  0098                     	;# 
   260  0099                     	;# 
   261  009A                     	;# 
   262  009B                     	;# 
   263  009C                     	;# 
   264  009D                     	;# 
   265  009E                     	;# 
   266  009F                     	;# 
   267  0105                     	;# 
   268  0107                     	;# 
   269  0108                     	;# 
   270  0109                     	;# 
   271  010C                     	;# 
   272  010C                     	;# 
   273  010D                     	;# 
   274  010E                     	;# 
   275  010F                     	;# 
   276  0185                     	;# 
   277  0187                     	;# 
   278  0188                     	;# 
   279  0189                     	;# 
   280  018C                     	;# 
   281  018D                     	;# 
   282  0000                     	;# 
   283  0001                     	;# 
   284  0002                     	;# 
   285  0003                     	;# 
   286  0004                     	;# 
   287  0005                     	;# 
   288  0006                     	;# 
   289  0007                     	;# 
   290  0008                     	;# 
   291  0009                     	;# 
   292  000A                     	;# 
   293  000B                     	;# 
   294  000C                     	;# 
   295  000D                     	;# 
   296  000E                     	;# 
   297  000E                     	;# 
   298  000F                     	;# 
   299  0010                     	;# 
   300  0011                     	;# 
   301  0012                     	;# 
   302  0013                     	;# 
   303  0014                     	;# 
   304  0015                     	;# 
   305  0015                     	;# 
   306  0016                     	;# 
   307  0017                     	;# 
   308  0018                     	;# 
   309  0019                     	;# 
   310  001A                     	;# 
   311  001B                     	;# 
   312  001B                     	;# 
   313  001C                     	;# 
   314  001D                     	;# 
   315  001E                     	;# 
   316  001F                     	;# 
   317  0081                     	;# 
   318  0085                     	;# 
   319  0086                     	;# 
   320  0087                     	;# 
   321  0088                     	;# 
   322  0089                     	;# 
   323  008C                     	;# 
   324  008D                     	;# 
   325  008E                     	;# 
   326  008F                     	;# 
   327  0090                     	;# 
   328  0091                     	;# 
   329  0092                     	;# 
   330  0093                     	;# 
   331  0093                     	;# 
   332  0093                     	;# 
   333  0094                     	;# 
   334  0095                     	;# 
   335  0096                     	;# 
   336  0097                     	;# 
   337  0098                     	;# 
   338  0099                     	;# 
   339  009A                     	;# 
   340  009B                     	;# 
   341  009C                     	;# 
   342  009D                     	;# 
   343  009E                     	;# 
   344  009F                     	;# 
   345  0105                     	;# 
   346  0107                     	;# 
   347  0108                     	;# 
   348  0109                     	;# 
   349  010C                     	;# 
   350  010C                     	;# 
   351  010D                     	;# 
   352  010E                     	;# 
   353  010F                     	;# 
   354  0185                     	;# 
   355  0187                     	;# 
   356  0188                     	;# 
   357  0189                     	;# 
   358  018C                     	;# 
   359  018D                     	;# 
   360  000B                     _INTCONbits	set	11
   361  0014                     _SSPCON	set	20
   362  001E                     _ADRESH	set	30
   363  0005                     _PORTA	set	5
   364  0006                     _PORTB	set	6
   365  0008                     _PORTD	set	8
   366  0013                     _SSPBUF	set	19
   367  0014                     _SSPCONbits	set	20
   368  000C                     _PIR1bits	set	12
   369  001F                     _ADCON0bits	set	31
   370  0063                     _SSPIF	set	99
   371  005E                     _PEIE	set	94
   372  005F                     _GIE	set	95
   373  009F                     _ADCON1	set	159
   374  008C                     _PIE1bits	set	140
   375  0091                     _SSPCON2bits	set	145
   376  0087                     _TRISCbits	set	135
   377  0094                     _SSPSTAT	set	148
   378  0093                     _SSPADD	set	147
   379  0091                     _SSPCON2	set	145
   380  0088                     _TRISD	set	136
   381  0086                     _TRISB	set	134
   382  0085                     _TRISA	set	133
   383  0094                     _SSPSTATbits	set	148
   384  0463                     _SSPIE	set	1123
   385  043C                     _TRISC4	set	1084
   386  043B                     _TRISC3	set	1083
   387  04A0                     _BF	set	1184
   388  0189                     _ANSELH	set	393
   389  0188                     _ANSEL	set	392
   390                           
   391                           ; #config settings
   392  0000                     
   393                           	psect	cinit
   394  000F                     start_initialization:	
   395  000F                     __initialization:	
   396                           
   397                           ; Clear objects allocated to COMMON
   398  000F  01F6               	clrf	__pbssCOMMON& (0+127)
   399  0010  01F7               	clrf	(__pbssCOMMON+1)& (0+127)
   400  0011  01F8               	clrf	(__pbssCOMMON+2)& (0+127)
   401  0012  01F9               	clrf	(__pbssCOMMON+3)& (0+127)
   402  0013                     end_of_initialization:	
   403                           ;End of C runtime variable initialization code
   404                           
   405  0013                     __end_of__initialization:	
   406  0013  0183               	clrf	3
   407  0014  120A  118A  291D   	ljmp	_main	;jump to C main() function
   408                           
   409                           	psect	bssCOMMON
   410  0076                     __pbssCOMMON:	
   411  0076                     _adc1:	
   412  0076                     	ds	1
   413  0077                     _ready:	
   414  0077                     	ds	1
   415  0078                     _dato:	
   416  0078                     	ds	1
   417  0079                     _z:	
   418  0079                     	ds	1
   419                           
   420                           	psect	cstackCOMMON
   421  0070                     __pcstackCOMMON:	
   422  0070                     ?_I2C_Slave_Init:	
   423  0070                     ?_initADC:	
   424                           ; 1 bytes @ 0x0
   425                           
   426  0070                     ?_isr:	
   427                           ; 1 bytes @ 0x0
   428                           
   429  0070                     ??_isr:	
   430                           ; 1 bytes @ 0x0
   431                           
   432  0070                     ?_main:	
   433                           ; 1 bytes @ 0x0
   434                           
   435                           
   436                           ; 1 bytes @ 0x0
   437  0070                     	ds	3
   438  0073                     ??_I2C_Slave_Init:	
   439  0073                     ??_initADC:	
   440                           ; 1 bytes @ 0x3
   441                           
   442  0073                     I2C_Slave_Init@address:	
   443                           ; 1 bytes @ 0x3
   444                           
   445                           
   446                           ; 1 bytes @ 0x3
   447  0073                     	ds	2
   448  0075                     initADC@analog:	
   449                           
   450                           ; 1 bytes @ 0x5
   451  0075                     	ds	1
   452  0076                     ??_main:	
   453                           
   454                           	psect	maintext
   455  011D                     __pmaintext:	
   456                           ; 1 bytes @ 0x6
   457 ;;
   458 ;;Main: autosize = 0, tempsize = 0, incstack = 0, save=0
   459 ;;
   460 ;; *************** function _main *****************
   461 ;; Defined at:
   462 ;;		line 86 in file "I2C_Slave1.c"
   463 ;; Parameters:    Size  Location     Type
   464 ;;		None
   465 ;; Auto vars:     Size  Location     Type
   466 ;;		None
   467 ;; Return value:  Size  Location     Type
   468 ;;                  1    wreg      void 
   469 ;; Registers used:
   470 ;;		wreg, fsr0l, fsr0h, status,2, status,0, pclath, cstack
   471 ;; Tracked objects:
   472 ;;		On entry : B00/0
   473 ;;		On exit  : 0/0
   474 ;;		Unchanged: 0/0
   475 ;; Data sizes:     COMMON   BANK0   BANK1   BANK3   BANK2
   476 ;;      Params:         0       0       0       0       0
   477 ;;      Locals:         0       0       0       0       0
   478 ;;      Temps:          0       0       0       0       0
   479 ;;      Totals:         0       0       0       0       0
   480 ;;Total ram usage:        0 bytes
   481 ;; Hardware stack levels required when called:    2
   482 ;; This function calls:
   483 ;;		_I2C_Slave_Init
   484 ;;		_initADC
   485 ;; This function is called by:
   486 ;;		Startup code after reset
   487 ;; This function uses a non-reentrant model
   488 ;;
   489                           
   490                           
   491                           ;psect for function _main
   492  011D                     _main:	
   493  011D                     l818:	
   494                           ;incstack = 0
   495                           ; Regs used in _main: [wreg-fsr0h+status,2+status,0+pclath+cstack]
   496                           
   497                           
   498                           ;I2C_Slave1.c: 87:     ANSEL = 0b00000001;
   499  011D  3001               	movlw	1
   500  011E  1683               	bsf	3,5	;RP0=1, select bank3
   501  011F  1703               	bsf	3,6	;RP1=1, select bank3
   502  0120  0088               	movwf	8	;volatile
   503  0121                     l820:	
   504                           
   505                           ;I2C_Slave1.c: 88:     ANSELH = 0;
   506  0121  0189               	clrf	9	;volatile
   507  0122                     l822:	
   508                           
   509                           ;I2C_Slave1.c: 90:     TRISA = 0b00000001;
   510  0122  3001               	movlw	1
   511  0123  1683               	bsf	3,5	;RP0=1, select bank1
   512  0124  1303               	bcf	3,6	;RP1=0, select bank1
   513  0125  0085               	movwf	5	;volatile
   514                           
   515                           ;I2C_Slave1.c: 91:     TRISB = 0;
   516  0126  0186               	clrf	6	;volatile
   517                           
   518                           ;I2C_Slave1.c: 92:     TRISD = 0;
   519  0127  0188               	clrf	8	;volatile
   520                           
   521                           ;I2C_Slave1.c: 94:     PORTA = 0;
   522  0128  1283               	bcf	3,5	;RP0=0, select bank0
   523  0129  1303               	bcf	3,6	;RP1=0, select bank0
   524  012A  0185               	clrf	5	;volatile
   525                           
   526                           ;I2C_Slave1.c: 95:     PORTB = 0;
   527  012B  0186               	clrf	6	;volatile
   528                           
   529                           ;I2C_Slave1.c: 96:     PORTD = 0;
   530  012C  0188               	clrf	8	;volatile
   531  012D                     l824:	
   532                           
   533                           ;I2C_Slave1.c: 98:     I2C_Slave_Init(0x50);
   534  012D  3050               	movlw	80
   535  012E  120A  118A  2148  120A  118A  	fcall	_I2C_Slave_Init
   536  0133                     l826:	
   537                           
   538                           ;I2C_Slave1.c: 99:     initADC(0);
   539  0133  3000               	movlw	0
   540  0134  120A  118A  2017  120A  118A  	fcall	_initADC
   541  0139                     l828:	
   542                           
   543                           ;I2C_Slave1.c: 102:         if(ready){
   544  0139  0877               	movf	_ready,w
   545  013A  1903               	btfsc	3,2
   546  013B  293D               	goto	u131
   547  013C  293E               	goto	u130
   548  013D                     u131:	
   549  013D  2939               	goto	l828
   550  013E                     u130:	
   551  013E                     l830:	
   552                           
   553                           ;I2C_Slave1.c: 103:             PORTB = ADRESH;
   554  013E  1283               	bcf	3,5	;RP0=0, select bank0
   555  013F  1303               	bcf	3,6	;RP1=0, select bank0
   556  0140  081E               	movf	30,w	;volatile
   557  0141  0086               	movwf	6	;volatile
   558  0142                     l832:	
   559                           
   560                           ;I2C_Slave1.c: 104:             ready = 0;
   561  0142  01F7               	clrf	_ready
   562  0143                     l834:	
   563                           
   564                           ;I2C_Slave1.c: 105:             ADCON0bits.GO_DONE = 1;
   565  0143  149F               	bsf	31,1	;volatile
   566  0144  2939               	goto	l828
   567  0145  120A  118A  280C   	ljmp	start
   568  0148                     __end_of_main:	
   569                           
   570                           	psect	text1
   571  0017                     __ptext1:	
   572 ;; *************** function _initADC *****************
   573 ;; Defined at:
   574 ;;		line 5 in file "ADC_Init.c"
   575 ;; Parameters:    Size  Location     Type
   576 ;;  analog          1    wreg     unsigned char 
   577 ;; Auto vars:     Size  Location     Type
   578 ;;  analog          1    5[COMMON] unsigned char 
   579 ;; Return value:  Size  Location     Type
   580 ;;                  1    wreg      void 
   581 ;; Registers used:
   582 ;;		wreg, fsr0l, fsr0h, status,2, status,0
   583 ;; Tracked objects:
   584 ;;		On entry : 0/0
   585 ;;		On exit  : 0/0
   586 ;;		Unchanged: 0/0
   587 ;; Data sizes:     COMMON   BANK0   BANK1   BANK3   BANK2
   588 ;;      Params:         0       0       0       0       0
   589 ;;      Locals:         1       0       0       0       0
   590 ;;      Temps:          2       0       0       0       0
   591 ;;      Totals:         3       0       0       0       0
   592 ;;Total ram usage:        3 bytes
   593 ;; Hardware stack levels used:    1
   594 ;; Hardware stack levels required when called:    1
   595 ;; This function calls:
   596 ;;		Nothing
   597 ;; This function is called by:
   598 ;;		_main
   599 ;; This function uses a non-reentrant model
   600 ;;
   601                           
   602                           
   603                           ;psect for function _initADC
   604  0017                     _initADC:	
   605                           
   606                           ;incstack = 0
   607                           ; Regs used in _initADC: [wreg-fsr0h+status,2+status,0]
   608                           ;initADC@analog stored from wreg
   609  0017  00F5               	movwf	initADC@analog
   610  0018                     l764:	
   611                           
   612                           ;ADC_Init.c: 6:     INTCONbits.GIE = 1;
   613  0018  178B               	bsf	11,7	;volatile
   614                           
   615                           ;ADC_Init.c: 7:     INTCONbits.PEIE = 1;
   616  0019  170B               	bsf	11,6	;volatile
   617                           
   618                           ;ADC_Init.c: 9:     PIE1bits.ADIE = 1;
   619  001A  1683               	bsf	3,5	;RP0=1, select bank1
   620  001B  1303               	bcf	3,6	;RP1=0, select bank1
   621  001C  170C               	bsf	12,6	;volatile
   622                           
   623                           ;ADC_Init.c: 11:     PIR1bits.ADIF = 0;
   624  001D  1283               	bcf	3,5	;RP0=0, select bank0
   625  001E  1303               	bcf	3,6	;RP1=0, select bank0
   626  001F  130C               	bcf	12,6	;volatile
   627                           
   628                           ;ADC_Init.c: 13:     ADCON0bits.ADCS1 = 0;
   629  0020  139F               	bcf	31,7	;volatile
   630                           
   631                           ;ADC_Init.c: 14:     ADCON0bits.ADCS0 = 1;
   632  0021  171F               	bsf	31,6	;volatile
   633                           
   634                           ;ADC_Init.c: 15:     ADCON0bits.ADON = 1;
   635  0022  141F               	bsf	31,0	;volatile
   636                           
   637                           ;ADC_Init.c: 17:     switch(analog){
   638  0023  2874               	goto	l768
   639  0024                     l141:	
   640                           ;ADC_Init.c: 18:         case 0:
   641                           
   642                           
   643                           ;ADC_Init.c: 19:             ADCON0bits.CHS3 = 0;
   644  0024  129F               	bcf	31,5	;volatile
   645                           
   646                           ;ADC_Init.c: 20:             ADCON0bits.CHS2 = 0;
   647  0025  121F               	bcf	31,4	;volatile
   648                           
   649                           ;ADC_Init.c: 21:             ADCON0bits.CHS1 = 0;
   650  0026  119F               	bcf	31,3	;volatile
   651                           
   652                           ;ADC_Init.c: 22:             ADCON0bits.CHS0 = 0;
   653  0027  111F               	bcf	31,2	;volatile
   654                           
   655                           ;ADC_Init.c: 23:             break;
   656  0028  28AE               	goto	l770
   657  0029                     l143:	
   658                           ;ADC_Init.c: 25:         case 1:
   659                           
   660                           
   661                           ;ADC_Init.c: 26:             ADCON0bits.CHS3 = 0;
   662  0029  129F               	bcf	31,5	;volatile
   663                           
   664                           ;ADC_Init.c: 27:             ADCON0bits.CHS2 = 0;
   665  002A  121F               	bcf	31,4	;volatile
   666                           
   667                           ;ADC_Init.c: 28:             ADCON0bits.CHS1 = 0;
   668  002B  119F               	bcf	31,3	;volatile
   669                           
   670                           ;ADC_Init.c: 29:             ADCON0bits.CHS0 = 1;
   671  002C  151F               	bsf	31,2	;volatile
   672                           
   673                           ;ADC_Init.c: 30:             break;
   674  002D  28AE               	goto	l770
   675  002E                     l144:	
   676                           ;ADC_Init.c: 32:         case 2:
   677                           
   678                           
   679                           ;ADC_Init.c: 33:             ADCON0bits.CHS3 = 0;
   680  002E  129F               	bcf	31,5	;volatile
   681                           
   682                           ;ADC_Init.c: 34:             ADCON0bits.CHS2 = 0;
   683  002F  121F               	bcf	31,4	;volatile
   684                           
   685                           ;ADC_Init.c: 35:             ADCON0bits.CHS1 = 1;
   686  0030  159F               	bsf	31,3	;volatile
   687                           
   688                           ;ADC_Init.c: 36:             ADCON0bits.CHS0 = 0;
   689  0031  111F               	bcf	31,2	;volatile
   690                           
   691                           ;ADC_Init.c: 37:             break;
   692  0032  28AE               	goto	l770
   693  0033                     l145:	
   694                           ;ADC_Init.c: 39:         case 3:
   695                           
   696                           
   697                           ;ADC_Init.c: 40:             ADCON0bits.CHS3 = 0;
   698  0033  129F               	bcf	31,5	;volatile
   699                           
   700                           ;ADC_Init.c: 41:             ADCON0bits.CHS2 = 0;
   701  0034  121F               	bcf	31,4	;volatile
   702                           
   703                           ;ADC_Init.c: 42:             ADCON0bits.CHS1 = 1;
   704  0035  159F               	bsf	31,3	;volatile
   705                           
   706                           ;ADC_Init.c: 43:             ADCON0bits.CHS0 = 1;
   707  0036  151F               	bsf	31,2	;volatile
   708                           
   709                           ;ADC_Init.c: 44:             break;
   710  0037  28AE               	goto	l770
   711  0038                     l146:	
   712                           ;ADC_Init.c: 46:         case 4:
   713                           
   714                           
   715                           ;ADC_Init.c: 47:             ADCON0bits.CHS3 = 0;
   716  0038  129F               	bcf	31,5	;volatile
   717                           
   718                           ;ADC_Init.c: 48:             ADCON0bits.CHS2 = 1;
   719  0039  161F               	bsf	31,4	;volatile
   720                           
   721                           ;ADC_Init.c: 49:             ADCON0bits.CHS1 = 0;
   722  003A  119F               	bcf	31,3	;volatile
   723                           
   724                           ;ADC_Init.c: 50:             ADCON0bits.CHS0 = 0;
   725  003B  111F               	bcf	31,2	;volatile
   726                           
   727                           ;ADC_Init.c: 51:             break;
   728  003C  28AE               	goto	l770
   729  003D                     l147:	
   730                           ;ADC_Init.c: 53:         case 5:
   731                           
   732                           
   733                           ;ADC_Init.c: 54:             ADCON0bits.CHS3 = 0;
   734  003D  129F               	bcf	31,5	;volatile
   735                           
   736                           ;ADC_Init.c: 55:             ADCON0bits.CHS2 = 1;
   737  003E  161F               	bsf	31,4	;volatile
   738                           
   739                           ;ADC_Init.c: 56:             ADCON0bits.CHS1 = 0;
   740  003F  119F               	bcf	31,3	;volatile
   741                           
   742                           ;ADC_Init.c: 57:             ADCON0bits.CHS0 = 1;
   743  0040  151F               	bsf	31,2	;volatile
   744                           
   745                           ;ADC_Init.c: 58:             break;
   746  0041  28AE               	goto	l770
   747  0042                     l148:	
   748                           ;ADC_Init.c: 60:         case 6:
   749                           
   750                           
   751                           ;ADC_Init.c: 61:             ADCON0bits.CHS3 = 0;
   752  0042  129F               	bcf	31,5	;volatile
   753                           
   754                           ;ADC_Init.c: 62:             ADCON0bits.CHS2 = 1;
   755  0043  161F               	bsf	31,4	;volatile
   756                           
   757                           ;ADC_Init.c: 63:             ADCON0bits.CHS1 = 1;
   758  0044  159F               	bsf	31,3	;volatile
   759                           
   760                           ;ADC_Init.c: 64:             ADCON0bits.CHS0 = 0;
   761  0045  111F               	bcf	31,2	;volatile
   762                           
   763                           ;ADC_Init.c: 65:             break;
   764  0046  28AE               	goto	l770
   765  0047                     l149:	
   766                           ;ADC_Init.c: 67:         case 7:
   767                           
   768                           
   769                           ;ADC_Init.c: 68:             ADCON0bits.CHS3 = 0;
   770  0047  129F               	bcf	31,5	;volatile
   771                           
   772                           ;ADC_Init.c: 69:             ADCON0bits.CHS2 = 1;
   773  0048  161F               	bsf	31,4	;volatile
   774                           
   775                           ;ADC_Init.c: 70:             ADCON0bits.CHS1 = 1;
   776  0049  159F               	bsf	31,3	;volatile
   777                           
   778                           ;ADC_Init.c: 71:             ADCON0bits.CHS0 = 1;
   779  004A  151F               	bsf	31,2	;volatile
   780                           
   781                           ;ADC_Init.c: 72:             break;
   782  004B  28AE               	goto	l770
   783  004C                     l150:	
   784                           ;ADC_Init.c: 74:         case 8:
   785                           
   786                           
   787                           ;ADC_Init.c: 75:             ADCON0bits.CHS3 = 1;
   788  004C  169F               	bsf	31,5	;volatile
   789                           
   790                           ;ADC_Init.c: 76:             ADCON0bits.CHS2 = 0;
   791  004D  121F               	bcf	31,4	;volatile
   792                           
   793                           ;ADC_Init.c: 77:             ADCON0bits.CHS1 = 0;
   794  004E  119F               	bcf	31,3	;volatile
   795                           
   796                           ;ADC_Init.c: 78:             ADCON0bits.CHS0 = 0;
   797  004F  111F               	bcf	31,2	;volatile
   798                           
   799                           ;ADC_Init.c: 79:             break;
   800  0050  28AE               	goto	l770
   801  0051                     l151:	
   802                           ;ADC_Init.c: 81:         case 9:
   803                           
   804                           
   805                           ;ADC_Init.c: 82:             ADCON0bits.CHS3 = 1;
   806  0051  169F               	bsf	31,5	;volatile
   807                           
   808                           ;ADC_Init.c: 83:             ADCON0bits.CHS2 = 0;
   809  0052  121F               	bcf	31,4	;volatile
   810                           
   811                           ;ADC_Init.c: 84:             ADCON0bits.CHS1 = 0;
   812  0053  119F               	bcf	31,3	;volatile
   813                           
   814                           ;ADC_Init.c: 85:             ADCON0bits.CHS0 = 1;
   815  0054  151F               	bsf	31,2	;volatile
   816                           
   817                           ;ADC_Init.c: 86:             break;
   818  0055  28AE               	goto	l770
   819  0056                     l152:	
   820                           ;ADC_Init.c: 88:         case 10:
   821                           
   822                           
   823                           ;ADC_Init.c: 89:             ADCON0bits.CHS3 = 1;
   824  0056  169F               	bsf	31,5	;volatile
   825                           
   826                           ;ADC_Init.c: 90:             ADCON0bits.CHS2 = 0;
   827  0057  121F               	bcf	31,4	;volatile
   828                           
   829                           ;ADC_Init.c: 91:             ADCON0bits.CHS1 = 1;
   830  0058  159F               	bsf	31,3	;volatile
   831                           
   832                           ;ADC_Init.c: 92:             ADCON0bits.CHS0 = 0;
   833  0059  111F               	bcf	31,2	;volatile
   834                           
   835                           ;ADC_Init.c: 93:             break;
   836  005A  28AE               	goto	l770
   837  005B                     l153:	
   838                           ;ADC_Init.c: 95:         case 11:
   839                           
   840                           
   841                           ;ADC_Init.c: 96:             ADCON0bits.CHS3 = 1;
   842  005B  169F               	bsf	31,5	;volatile
   843                           
   844                           ;ADC_Init.c: 97:             ADCON0bits.CHS2 = 0;
   845  005C  121F               	bcf	31,4	;volatile
   846                           
   847                           ;ADC_Init.c: 98:             ADCON0bits.CHS1 = 1;
   848  005D  159F               	bsf	31,3	;volatile
   849                           
   850                           ;ADC_Init.c: 99:             ADCON0bits.CHS0 = 1;
   851  005E  151F               	bsf	31,2	;volatile
   852                           
   853                           ;ADC_Init.c: 100:             break;
   854  005F  28AE               	goto	l770
   855  0060                     l154:	
   856                           ;ADC_Init.c: 102:         case 12:
   857                           
   858                           
   859                           ;ADC_Init.c: 103:             ADCON0bits.CHS3 = 1;
   860  0060  169F               	bsf	31,5	;volatile
   861                           
   862                           ;ADC_Init.c: 104:             ADCON0bits.CHS2 = 1;
   863  0061  161F               	bsf	31,4	;volatile
   864                           
   865                           ;ADC_Init.c: 105:             ADCON0bits.CHS1 = 0;
   866  0062  119F               	bcf	31,3	;volatile
   867                           
   868                           ;ADC_Init.c: 106:             ADCON0bits.CHS0 = 0;
   869  0063  111F               	bcf	31,2	;volatile
   870                           
   871                           ;ADC_Init.c: 107:             break;
   872  0064  28AE               	goto	l770
   873  0065                     l155:	
   874                           ;ADC_Init.c: 109:         case 13:
   875                           
   876                           
   877                           ;ADC_Init.c: 110:             ADCON0bits.CHS3 = 1;
   878  0065  169F               	bsf	31,5	;volatile
   879                           
   880                           ;ADC_Init.c: 111:             ADCON0bits.CHS2 = 1;
   881  0066  161F               	bsf	31,4	;volatile
   882                           
   883                           ;ADC_Init.c: 112:             ADCON0bits.CHS1 = 0;
   884  0067  119F               	bcf	31,3	;volatile
   885                           
   886                           ;ADC_Init.c: 113:             ADCON0bits.CHS0 = 1;
   887  0068  151F               	bsf	31,2	;volatile
   888                           
   889                           ;ADC_Init.c: 114:             break;
   890  0069  28AE               	goto	l770
   891  006A                     l156:	
   892                           ;ADC_Init.c: 116:         case 14:
   893                           
   894                           
   895                           ;ADC_Init.c: 117:             ADCON0bits.CHS3 = 1;
   896  006A  169F               	bsf	31,5	;volatile
   897                           
   898                           ;ADC_Init.c: 118:             ADCON0bits.CHS2 = 1;
   899  006B  161F               	bsf	31,4	;volatile
   900                           
   901                           ;ADC_Init.c: 119:             ADCON0bits.CHS1 = 1;
   902  006C  159F               	bsf	31,3	;volatile
   903                           
   904                           ;ADC_Init.c: 120:             ADCON0bits.CHS0 = 0;
   905  006D  111F               	bcf	31,2	;volatile
   906                           
   907                           ;ADC_Init.c: 121:             break;
   908  006E  28AE               	goto	l770
   909  006F                     l157:	
   910                           ;ADC_Init.c: 123:         case 15:
   911                           
   912                           
   913                           ;ADC_Init.c: 124:             ADCON0bits.CHS3 = 1;
   914  006F  169F               	bsf	31,5	;volatile
   915                           
   916                           ;ADC_Init.c: 125:             ADCON0bits.CHS2 = 1;
   917  0070  161F               	bsf	31,4	;volatile
   918                           
   919                           ;ADC_Init.c: 126:             ADCON0bits.CHS1 = 1;
   920  0071  159F               	bsf	31,3	;volatile
   921                           
   922                           ;ADC_Init.c: 127:             ADCON0bits.CHS0 = 1;
   923  0072  151F               	bsf	31,2	;volatile
   924                           
   925                           ;ADC_Init.c: 128:             break;
   926  0073  28AE               	goto	l770
   927  0074                     l768:	
   928  0074  0875               	movf	initADC@analog,w
   929  0075  00F3               	movwf	??_initADC
   930  0076  01F4               	clrf	??_initADC+1
   931                           
   932                           ; Switch on 2 bytes has been partitioned into a top level switch of size 1, and 1 sub-sw
      +                          itches
   933                           ; Switch size 1, requested type "simple"
   934                           ; Number of cases is 1, Range of values is 0 to 0
   935                           ; switch strategies available:
   936                           ; Name         Instructions Cycles
   937                           ; simple_byte            4     3 (average)
   938                           ; direct_byte           11     8 (fixed)
   939                           ; jumptable            260     6 (fixed)
   940                           ;	Chosen strategy is simple_byte
   941  0077  0874               	movf	??_initADC+1,w
   942  0078  3A00               	xorlw	0	; case 0
   943  0079  1903               	skipnz
   944  007A  287C               	goto	l896
   945  007B  28AE               	goto	l770
   946  007C                     l896:	
   947                           
   948                           ; Switch size 1, requested type "simple"
   949                           ; Number of cases is 16, Range of values is 0 to 15
   950                           ; switch strategies available:
   951                           ; Name         Instructions Cycles
   952                           ; simple_byte           49    25 (average)
   953                           ; direct_byte           56     8 (fixed)
   954                           ; jumptable            260     6 (fixed)
   955                           ;	Chosen strategy is simple_byte
   956  007C  0873               	movf	??_initADC,w
   957  007D  3A00               	xorlw	0	; case 0
   958  007E  1903               	skipnz
   959  007F  2824               	goto	l141
   960  0080  3A01               	xorlw	1	; case 1
   961  0081  1903               	skipnz
   962  0082  2829               	goto	l143
   963  0083  3A03               	xorlw	3	; case 2
   964  0084  1903               	skipnz
   965  0085  282E               	goto	l144
   966  0086  3A01               	xorlw	1	; case 3
   967  0087  1903               	skipnz
   968  0088  2833               	goto	l145
   969  0089  3A07               	xorlw	7	; case 4
   970  008A  1903               	skipnz
   971  008B  2838               	goto	l146
   972  008C  3A01               	xorlw	1	; case 5
   973  008D  1903               	skipnz
   974  008E  283D               	goto	l147
   975  008F  3A03               	xorlw	3	; case 6
   976  0090  1903               	skipnz
   977  0091  2842               	goto	l148
   978  0092  3A01               	xorlw	1	; case 7
   979  0093  1903               	skipnz
   980  0094  2847               	goto	l149
   981  0095  3A0F               	xorlw	15	; case 8
   982  0096  1903               	skipnz
   983  0097  284C               	goto	l150
   984  0098  3A01               	xorlw	1	; case 9
   985  0099  1903               	skipnz
   986  009A  2851               	goto	l151
   987  009B  3A03               	xorlw	3	; case 10
   988  009C  1903               	skipnz
   989  009D  2856               	goto	l152
   990  009E  3A01               	xorlw	1	; case 11
   991  009F  1903               	skipnz
   992  00A0  285B               	goto	l153
   993  00A1  3A07               	xorlw	7	; case 12
   994  00A2  1903               	skipnz
   995  00A3  2860               	goto	l154
   996  00A4  3A01               	xorlw	1	; case 13
   997  00A5  1903               	skipnz
   998  00A6  2865               	goto	l155
   999  00A7  3A03               	xorlw	3	; case 14
  1000  00A8  1903               	skipnz
  1001  00A9  286A               	goto	l156
  1002  00AA  3A01               	xorlw	1	; case 15
  1003  00AB  1903               	skipnz
  1004  00AC  286F               	goto	l157
  1005  00AD  28AE               	goto	l770
  1006  00AE                     l770:	
  1007                           
  1008                           ;ADC_Init.c: 130:     ADCON1 = 0;
  1009  00AE  1683               	bsf	3,5	;RP0=1, select bank1
  1010  00AF  1303               	bcf	3,6	;RP1=0, select bank1
  1011  00B0  019F               	clrf	31	;volatile
  1012  00B1                     l772:	
  1013                           
  1014                           ;ADC_Init.c: 132:     ADCON0bits.GO_DONE = 1;
  1015  00B1  1283               	bcf	3,5	;RP0=0, select bank0
  1016  00B2  1303               	bcf	3,6	;RP1=0, select bank0
  1017  00B3  149F               	bsf	31,1	;volatile
  1018  00B4                     l158:	
  1019  00B4  0008               	return
  1020  00B5                     __end_of_initADC:	
  1021                           
  1022                           	psect	text2
  1023  0148                     __ptext2:	
  1024 ;; *************** function _I2C_Slave_Init *****************
  1025 ;; Defined at:
  1026 ;;		line 82 in file "I2C_Init.c"
  1027 ;; Parameters:    Size  Location     Type
  1028 ;;  address         1    wreg     unsigned char 
  1029 ;; Auto vars:     Size  Location     Type
  1030 ;;  address         1    3[COMMON] unsigned char 
  1031 ;; Return value:  Size  Location     Type
  1032 ;;                  1    wreg      void 
  1033 ;; Registers used:
  1034 ;;		wreg
  1035 ;; Tracked objects:
  1036 ;;		On entry : 0/0
  1037 ;;		On exit  : 0/0
  1038 ;;		Unchanged: 0/0
  1039 ;; Data sizes:     COMMON   BANK0   BANK1   BANK3   BANK2
  1040 ;;      Params:         0       0       0       0       0
  1041 ;;      Locals:         1       0       0       0       0
  1042 ;;      Temps:          0       0       0       0       0
  1043 ;;      Totals:         1       0       0       0       0
  1044 ;;Total ram usage:        1 bytes
  1045 ;; Hardware stack levels used:    1
  1046 ;; Hardware stack levels required when called:    1
  1047 ;; This function calls:
  1048 ;;		Nothing
  1049 ;; This function is called by:
  1050 ;;		_main
  1051 ;; This function uses a non-reentrant model
  1052 ;;
  1053                           
  1054                           
  1055                           ;psect for function _I2C_Slave_Init
  1056  0148                     _I2C_Slave_Init:	
  1057                           
  1058                           ;incstack = 0
  1059                           ; Regs used in _I2C_Slave_Init: [wreg]
  1060                           ;I2C_Slave_Init@address stored from wreg
  1061  0148  00F3               	movwf	I2C_Slave_Init@address
  1062  0149                     l750:	
  1063                           
  1064                           ;I2C_Init.c: 82: void I2C_Slave_Init(uint8_t address);I2C_Init.c: 83: {;I2C_Init.c: 84: 
      +                              SSPADD = address;
  1065  0149  0873               	movf	I2C_Slave_Init@address,w
  1066  014A  1683               	bsf	3,5	;RP0=1, select bank1
  1067  014B  1303               	bcf	3,6	;RP1=0, select bank1
  1068  014C  0093               	movwf	19	;volatile
  1069                           
  1070                           ;I2C_Init.c: 85:     SSPCON = 0x36;
  1071  014D  3036               	movlw	54
  1072  014E  1283               	bcf	3,5	;RP0=0, select bank0
  1073  014F  1303               	bcf	3,6	;RP1=0, select bank0
  1074  0150  0094               	movwf	20	;volatile
  1075                           
  1076                           ;I2C_Init.c: 86:     SSPSTAT = 0x80;
  1077  0151  3080               	movlw	128
  1078  0152  1683               	bsf	3,5	;RP0=1, select bank1
  1079  0153  1303               	bcf	3,6	;RP1=0, select bank1
  1080  0154  0094               	movwf	20	;volatile
  1081                           
  1082                           ;I2C_Init.c: 87:     SSPCON2 = 0x01;
  1083  0155  3001               	movlw	1
  1084  0156  0091               	movwf	17	;volatile
  1085  0157                     l752:	
  1086                           
  1087                           ;I2C_Init.c: 88:     TRISC3 = 1;
  1088  0157  1587               	bsf	7,3	;volatile
  1089  0158                     l754:	
  1090                           
  1091                           ;I2C_Init.c: 89:     TRISC4 = 1;
  1092  0158  1607               	bsf	7,4	;volatile
  1093  0159                     l756:	
  1094                           
  1095                           ;I2C_Init.c: 90:     GIE = 1;
  1096  0159  178B               	bsf	11,7	;volatile
  1097  015A                     l758:	
  1098                           
  1099                           ;I2C_Init.c: 91:     PEIE = 1;
  1100  015A  170B               	bsf	11,6	;volatile
  1101  015B                     l760:	
  1102                           
  1103                           ;I2C_Init.c: 92:     SSPIF = 0;
  1104  015B  1283               	bcf	3,5	;RP0=0, select bank0
  1105  015C  1303               	bcf	3,6	;RP1=0, select bank0
  1106  015D  118C               	bcf	12,3	;volatile
  1107  015E                     l762:	
  1108                           
  1109                           ;I2C_Init.c: 93:     SSPIE = 1;
  1110  015E  1683               	bsf	3,5	;RP0=1, select bank1
  1111  015F  1303               	bcf	3,6	;RP1=0, select bank1
  1112  0160  158C               	bsf	12,3	;volatile
  1113  0161                     l127:	
  1114  0161  0008               	return
  1115  0162                     __end_of_I2C_Slave_Init:	
  1116                           
  1117                           	psect	text3
  1118  00B5                     __ptext3:	
  1119 ;; *************** function _isr *****************
  1120 ;; Defined at:
  1121 ;;		line 48 in file "I2C_Slave1.c"
  1122 ;; Parameters:    Size  Location     Type
  1123 ;;		None
  1124 ;; Auto vars:     Size  Location     Type
  1125 ;;		None
  1126 ;; Return value:  Size  Location     Type
  1127 ;;                  1    wreg      void 
  1128 ;; Registers used:
  1129 ;;		wreg
  1130 ;; Tracked objects:
  1131 ;;		On entry : 0/0
  1132 ;;		On exit  : 0/0
  1133 ;;		Unchanged: 0/0
  1134 ;; Data sizes:     COMMON   BANK0   BANK1   BANK3   BANK2
  1135 ;;      Params:         0       0       0       0       0
  1136 ;;      Locals:         0       0       0       0       0
  1137 ;;      Temps:          3       0       0       0       0
  1138 ;;      Totals:         3       0       0       0       0
  1139 ;;Total ram usage:        3 bytes
  1140 ;; Hardware stack levels used:    1
  1141 ;; This function calls:
  1142 ;;		Nothing
  1143 ;; This function is called by:
  1144 ;;		Interrupt level 1
  1145 ;; This function uses a non-reentrant model
  1146 ;;
  1147                           
  1148                           
  1149                           ;psect for function _isr
  1150  00B5                     _isr:	
  1151  00B5                     i1l782:	
  1152                           
  1153                           ;I2C_Slave1.c: 49:     if(ADCON0bits.GO_DONE == 0){
  1154  00B5  1283               	bcf	3,5	;RP0=0, select bank0
  1155  00B6  1303               	bcf	3,6	;RP1=0, select bank0
  1156  00B7  189F               	btfsc	31,1	;volatile
  1157  00B8  28BA               	goto	u3_21
  1158  00B9  28BB               	goto	u3_20
  1159  00BA                     u3_21:	
  1160  00BA  28BE               	goto	i1l49
  1161  00BB                     u3_20:	
  1162  00BB                     i1l784:	
  1163                           
  1164                           ;I2C_Slave1.c: 50:         ready = 1;
  1165  00BB  01F7               	clrf	_ready
  1166  00BC  0AF7               	incf	_ready,f
  1167                           
  1168                           ;I2C_Slave1.c: 51:         PIR1bits.ADIF = 0;
  1169  00BD  130C               	bcf	12,6	;volatile
  1170  00BE                     i1l49:	
  1171                           ;I2C_Slave1.c: 52:     }
  1172                           
  1173                           
  1174                           ;I2C_Slave1.c: 53:    if(PIR1bits.SSPIF == 1){
  1175  00BE  1D8C               	btfss	12,3	;volatile
  1176  00BF  28C1               	goto	u4_21
  1177  00C0  28C2               	goto	u4_20
  1178  00C1                     u4_21:	
  1179  00C1  2916               	goto	i1l63
  1180  00C2                     u4_20:	
  1181  00C2                     i1l786:	
  1182                           
  1183                           ;I2C_Slave1.c: 55:         SSPCONbits.CKP = 0;
  1184  00C2  1214               	bcf	20,4	;volatile
  1185                           
  1186                           ;I2C_Slave1.c: 57:         if ((SSPCONbits.SSPOV) || (SSPCONbits.WCOL)){
  1187  00C3  1B14               	btfsc	20,6	;volatile
  1188  00C4  28C6               	goto	u5_21
  1189  00C5  28C7               	goto	u5_20
  1190  00C6                     u5_21:	
  1191  00C6  28CB               	goto	i1l790
  1192  00C7                     u5_20:	
  1193  00C7                     i1l788:	
  1194  00C7  1F94               	btfss	20,7	;volatile
  1195  00C8  28CA               	goto	u6_21
  1196  00C9  28CB               	goto	u6_20
  1197  00CA                     u6_21:	
  1198  00CA  28D2               	goto	i1l798
  1199  00CB                     u6_20:	
  1200  00CB                     i1l790:	
  1201                           
  1202                           ;I2C_Slave1.c: 58:             z = SSPBUF;
  1203  00CB  0813               	movf	19,w	;volatile
  1204  00CC  00F0               	movwf	??_isr
  1205  00CD  0870               	movf	??_isr,w
  1206  00CE  00F9               	movwf	_z
  1207  00CF                     i1l792:	
  1208                           
  1209                           ;I2C_Slave1.c: 59:             SSPCONbits.SSPOV = 0;
  1210  00CF  1314               	bcf	20,6	;volatile
  1211  00D0                     i1l794:	
  1212                           
  1213                           ;I2C_Slave1.c: 60:             SSPCONbits.WCOL = 0;
  1214  00D0  1394               	bcf	20,7	;volatile
  1215  00D1                     i1l796:	
  1216                           
  1217                           ;I2C_Slave1.c: 61:             SSPCONbits.CKP = 1;
  1218  00D1  1614               	bsf	20,4	;volatile
  1219  00D2                     i1l798:	
  1220                           
  1221                           ;I2C_Slave1.c: 64:         if(!SSPSTATbits.D_nA && !SSPSTATbits.R_nW) {
  1222  00D2  1683               	bsf	3,5	;RP0=1, select bank1
  1223  00D3  1303               	bcf	3,6	;RP1=0, select bank1
  1224  00D4  1A94               	btfsc	20,5	;volatile
  1225  00D5  28D7               	goto	u7_21
  1226  00D6  28D8               	goto	u7_20
  1227  00D7                     u7_21:	
  1228  00D7  28F3               	goto	i1l54
  1229  00D8                     u7_20:	
  1230  00D8                     i1l800:	
  1231  00D8  1914               	btfsc	20,2	;volatile
  1232  00D9  28DB               	goto	u8_21
  1233  00DA  28DC               	goto	u8_20
  1234  00DB                     u8_21:	
  1235  00DB  28F3               	goto	i1l54
  1236  00DC                     u8_20:	
  1237  00DC                     i1l802:	
  1238                           
  1239                           ;I2C_Slave1.c: 66:             z = SSPBUF;
  1240  00DC  1283               	bcf	3,5	;RP0=0, select bank0
  1241  00DD  1303               	bcf	3,6	;RP1=0, select bank0
  1242  00DE  0813               	movf	19,w	;volatile
  1243  00DF  00F0               	movwf	??_isr
  1244  00E0  0870               	movf	??_isr,w
  1245  00E1  00F9               	movwf	_z
  1246  00E2                     i1l804:	
  1247                           
  1248                           ;I2C_Slave1.c: 68:             PIR1bits.SSPIF = 0;
  1249  00E2  118C               	bcf	12,3	;volatile
  1250  00E3                     i1l806:	
  1251                           
  1252                           ;I2C_Slave1.c: 69:             SSPCONbits.CKP = 1;
  1253  00E3  1614               	bsf	20,4	;volatile
  1254  00E4                     i1l55:	
  1255                           ;I2C_Slave1.c: 70:             while(!SSPSTATbits.BF);
  1256                           
  1257  00E4  1683               	bsf	3,5	;RP0=1, select bank1
  1258  00E5  1303               	bcf	3,6	;RP1=0, select bank1
  1259  00E6  1C14               	btfss	20,0	;volatile
  1260  00E7  28E9               	goto	u9_21
  1261  00E8  28EA               	goto	u9_20
  1262  00E9                     u9_21:	
  1263  00E9  28E4               	goto	i1l55
  1264  00EA                     u9_20:	
  1265  00EA                     i1l808:	
  1266                           
  1267                           ;I2C_Slave1.c: 71:             PORTD = SSPBUF;
  1268  00EA  1283               	bcf	3,5	;RP0=0, select bank0
  1269  00EB  1303               	bcf	3,6	;RP1=0, select bank0
  1270  00EC  0813               	movf	19,w	;volatile
  1271  00ED  0088               	movwf	8	;volatile
  1272                           
  1273                           ;I2C_Slave1.c: 72:             _delay((unsigned long)((250)*(4000000/4000000.0)));
  1274  00EE  3053               	movlw	83
  1275  00EF  00F0               	movwf	??_isr
  1276  00F0                     u16_27:	
  1277  00F0  0BF0               	decfsz	??_isr,f
  1278  00F1  28F0               	goto	u16_27
  1279                           
  1280                           ;I2C_Slave1.c: 74:         }else if(!SSPSTATbits.D_nA && SSPSTATbits.R_nW){
  1281  00F2  2913               	goto	i1l58
  1282  00F3                     i1l54:	
  1283  00F3  1A94               	btfsc	20,5	;volatile
  1284  00F4  28F6               	goto	u10_21
  1285  00F5  28F7               	goto	u10_20
  1286  00F6                     u10_21:	
  1287  00F6  2913               	goto	i1l58
  1288  00F7                     u10_20:	
  1289  00F7                     i1l810:	
  1290  00F7  1D14               	btfss	20,2	;volatile
  1291  00F8  28FA               	goto	u11_21
  1292  00F9  28FB               	goto	u11_20
  1293  00FA                     u11_21:	
  1294  00FA  2913               	goto	i1l58
  1295  00FB                     u11_20:	
  1296  00FB                     i1l812:	
  1297                           
  1298                           ;I2C_Slave1.c: 75:             z = SSPBUF;
  1299  00FB  1283               	bcf	3,5	;RP0=0, select bank0
  1300  00FC  1303               	bcf	3,6	;RP1=0, select bank0
  1301  00FD  0813               	movf	19,w	;volatile
  1302  00FE  00F0               	movwf	??_isr
  1303  00FF  0870               	movf	??_isr,w
  1304  0100  00F9               	movwf	_z
  1305  0101                     i1l814:	
  1306                           
  1307                           ;I2C_Slave1.c: 76:             BF = 0;
  1308  0101  1683               	bsf	3,5	;RP0=1, select bank1
  1309  0102  1303               	bcf	3,6	;RP1=0, select bank1
  1310  0103  1014               	bcf	20,0	;volatile
  1311                           
  1312                           ;I2C_Slave1.c: 77:             SSPBUF = PORTB;
  1313  0104  1283               	bcf	3,5	;RP0=0, select bank0
  1314  0105  1303               	bcf	3,6	;RP1=0, select bank0
  1315  0106  0806               	movf	6,w	;volatile
  1316  0107  0093               	movwf	19	;volatile
  1317  0108                     i1l816:	
  1318                           
  1319                           ;I2C_Slave1.c: 78:             SSPCONbits.CKP = 1;
  1320  0108  1614               	bsf	20,4	;volatile
  1321                           
  1322                           ;I2C_Slave1.c: 79:             _delay((unsigned long)((250)*(4000000/4000000.0)));
  1323  0109  3053               	movlw	83
  1324  010A  00F0               	movwf	??_isr
  1325  010B                     u17_27:	
  1326  010B  0BF0               	decfsz	??_isr,f
  1327  010C  290B               	goto	u17_27
  1328  010D                     i1l60:	
  1329                           ;I2C_Slave1.c: 80:             while(SSPSTATbits.BF);
  1330                           
  1331  010D  1683               	bsf	3,5	;RP0=1, select bank1
  1332  010E  1303               	bcf	3,6	;RP1=0, select bank1
  1333  010F  1814               	btfsc	20,0	;volatile
  1334  0110  2912               	goto	u12_21
  1335  0111  2913               	goto	u12_20
  1336  0112                     u12_21:	
  1337  0112  290D               	goto	i1l60
  1338  0113                     u12_20:	
  1339  0113                     i1l58:	
  1340                           
  1341                           ;I2C_Slave1.c: 82:         PIR1bits.SSPIF = 0;
  1342  0113  1283               	bcf	3,5	;RP0=0, select bank0
  1343  0114  1303               	bcf	3,6	;RP1=0, select bank0
  1344  0115  118C               	bcf	12,3	;volatile
  1345  0116                     i1l63:	
  1346  0116  0872               	movf	??_isr+2,w
  1347  0117  008A               	movwf	10
  1348  0118  0E71               	swapf	(??_isr+1)^(0+4294967168),w
  1349  0119  0083               	movwf	3
  1350  011A  0EFE               	swapf	btemp,f
  1351  011B  0E7E               	swapf	btemp,w
  1352  011C  0009               	retfie
  1353  011D                     __end_of_isr:	
  1354  007E                     btemp	set	126	;btemp
  1355  007E                     wtemp0	set	126
  1356                           
  1357                           	psect	intentry
  1358  0004                     __pintentry:	
  1359                           ;incstack = 0
  1360                           ; Regs used in _isr: [wreg]
  1361                           
  1362  0004                     interrupt_function:	
  1363  007E                     saved_w	set	btemp
  1364  0004  00FE               	movwf	btemp
  1365  0005  0E03               	swapf	3,w
  1366  0006  00F1               	movwf	??_isr+1
  1367  0007  080A               	movf	10,w
  1368  0008  00F2               	movwf	??_isr+2
  1369  0009  120A  118A  28B5   	ljmp	_isr


Data Sizes:
    Strings     0
    Constant    0
    Data        0
    BSS         4
    Persistent  0
    Stack       0

Auto Spaces:
    Space          Size  Autos    Used
    COMMON           14      6      10
    BANK0            80      0       0
    BANK1            80      0       0
    BANK3            96      0       0
    BANK2            96      0       0

Pointer List with Targets:

    None.

Critical Paths under _main in COMMON

    _main->_initADC

Critical Paths under _isr in COMMON

    None.

Critical Paths under _main in BANK0

    None.

Critical Paths under _isr in BANK0

    None.

Critical Paths under _main in BANK1

    None.

Critical Paths under _isr in BANK1

    None.

Critical Paths under _main in BANK3

    None.

Critical Paths under _isr in BANK3

    None.

Critical Paths under _main in BANK2

    None.

Critical Paths under _isr in BANK2

    None.

Call Graph Tables:

 ---------------------------------------------------------------------------------
 (Depth) Function   	        Calls       Base Space   Used Autos Params    Refs
 ---------------------------------------------------------------------------------
 (0) _main                                                 0     0      0      30
                     _I2C_Slave_Init
                            _initADC
 ---------------------------------------------------------------------------------
 (1) _initADC                                              3     3      0      15
                                              3 COMMON     3     3      0
 ---------------------------------------------------------------------------------
 (1) _I2C_Slave_Init                                       1     1      0      15
                                              3 COMMON     1     1      0
 ---------------------------------------------------------------------------------
 Estimated maximum stack depth 1
 ---------------------------------------------------------------------------------
 (Depth) Function   	        Calls       Base Space   Used Autos Params    Refs
 ---------------------------------------------------------------------------------
 (2) _isr                                                  3     3      0       0
                                              0 COMMON     3     3      0
 ---------------------------------------------------------------------------------
 Estimated maximum stack depth 2
 ---------------------------------------------------------------------------------

 Call Graph Graphs:

 _main (ROOT)
   _I2C_Slave_Init
   _initADC

 _isr (ROOT)

 Address spaces:
Name               Size   Autos  Total    Cost      Usage
BITCOMMON            E      0       0       0        0.0%
EEDATA             100      0       0       0        0.0%
NULL                 0      0       0       0        0.0%
CODE                 0      0       0       0        0.0%
COMMON               E      6       A       1       71.4%
BITSFR0              0      0       0       1        0.0%
SFR0                 0      0       0       1        0.0%
BITSFR1              0      0       0       2        0.0%
SFR1                 0      0       0       2        0.0%
STACK                0      0       0       2        0.0%
ABS                  0      0       A       3        0.0%
BITBANK0            50      0       0       4        0.0%
BITSFR3              0      0       0       4        0.0%
SFR3                 0      0       0       4        0.0%
BANK0               50      0       0       5        0.0%
BITSFR2              0      0       0       5        0.0%
SFR2                 0      0       0       5        0.0%
BITBANK1            50      0       0       6        0.0%
BANK1               50      0       0       7        0.0%
BITBANK3            60      0       0       8        0.0%
BANK3               60      0       0       9        0.0%
BITBANK2            60      0       0      10        0.0%
BANK2               60      0       0      11        0.0%
DATA                 0      0       A      12        0.0%


Microchip Technology PIC Macro Assembler V2.10 build 88905656 
Symbol Table                                                                                   Fri Feb 21 15:20:39 2020

                       _z 0079               __CFG_CP$OFF 0000               _SSPSTATbits 0094  
                      _BF 04A0                       l141 0024                       l150 004C  
                     l127 0161                       l151 0051                       l143 0029  
                     l152 0056                       l144 002E                       l153 005B  
                     l145 0033                       l154 0060                       l146 0038  
                     l155 0065                       l147 003D                       l156 006A  
                     l148 0042                       l157 006F                       l149 0047  
                     l158 00B4                       l820 0121                       l750 0149  
                     l830 013E                       l822 0122                       l760 015B  
                     l752 0157                       l832 0142                       l824 012D  
                     l762 015E                       l754 0158                       l770 00AE  
                     l834 0143                       l826 0133                       l818 011D  
                     l756 0159                       l772 00B1                       l764 0018  
                     l828 0139                       l758 015A                       l768 0074  
                     l896 007C                       _GIE 005F                       u130 013E  
                     u131 013D              __CFG_CPD$OFF 0000                       _isr 00B5  
            __CFG_LVP$OFF 0000                      ?_isr 0070                      _PEIE 005E  
                    i1l60 010D                      i1l54 00F3                      i1l55 00E4  
                    i1l63 0116                      i1l49 00BE                      i1l58 0113  
                    u3_20 00BB                      u3_21 00BA                      u4_20 00C2  
                    u4_21 00C1                      u5_20 00C7                      u5_21 00C6  
                    u6_20 00CB                      u6_21 00CA                      u7_20 00D8  
                    u7_21 00D7                      u8_20 00DC                      u8_21 00DB  
                    u9_20 00EA                      u9_21 00E9              __CFG_WRT$OFF 0000  
                    _adc1 0076                      _dato 0078                      _main 011D  
                    btemp 007E                      start 000C             __CFG_IESO$OFF 0000  
                   ??_isr 0070                     ?_main 0070             __CFG_WDTE$OFF 0000  
                   _ANSEL 0188                     i1l800 00D8                     i1l810 00F7  
                   i1l802 00DC                     i1l812 00FB                     i1l804 00E2  
                   i1l814 0101                     i1l806 00E3                     i1l816 0108  
                   i1l808 00EA                     i1l790 00CB                     i1l782 00B5  
                   i1l792 00CF                     i1l784 00BB                     i1l794 00D0  
                   i1l786 00C2                     i1l796 00D1                     i1l788 00C7  
                   i1l798 00D2                     u10_20 00F7                     u10_21 00F6  
                   u11_20 00FB                     u11_21 00FA                     u12_20 0113  
                   u12_21 0112                     u16_27 00F0                     u17_27 010B  
                   _PORTA 0005                     _PORTB 0006                     _PORTD 0008  
                   _TRISA 0085                     _TRISB 0086                     _TRISD 0088  
                   _SSPIE 0463                     _SSPIF 0063            __CFG_FCMEN$OFF 0000  
         __end_of_initADC 00B5                     _ready 0077            __CFG_BOREN$OFF 0000  
                   pclath 000A                     status 0003                     wtemp0 007E  
          __CFG_MCLRE$OFF 0000           __initialization 000F              __end_of_main 0148  
                  ??_main 0076                    _ADCON1 009F                    _ADRESH 001E  
                  _ANSELH 0189                    _SSPADD 0093                    _TRISC3 043B  
                  _TRISC4 043C                    _SSPBUF 0013                    _SSPCON 0014  
          __CFG_PWRTE$OFF 0000                 ??_initADC 0073                    saved_w 007E  
 __end_of__initialization 0013            __pcstackCOMMON 0070   __size_of_I2C_Slave_Init 001A  
   I2C_Slave_Init@address 0073                __pmaintext 011D             initADC@analog 0075  
              __pintentry 0004                   _SSPCON2 0091                   _SSPSTAT 0094  
                 __ptext1 0017                   __ptext2 0148                   __ptext3 00B5  
                 _initADC 0017              __size_of_isr 0068      end_of_initialization 0013  
          _I2C_Slave_Init 0148                 _TRISCbits 0087    __end_of_I2C_Slave_Init 0162  
     start_initialization 000F               __end_of_isr 011D  __CFG_FOSC$INTRC_NOCLKOUT 0000  
         ?_I2C_Slave_Init 0070               __pbssCOMMON 0076                 ___latbits 0002  
                ?_initADC 0070         interrupt_function 0004                  _PIE1bits 008C  
                _PIR1bits 000C                _ADCON0bits 001F          __size_of_initADC 009E  
       __CFG_BOR4V$BOR40V 0000          ??_I2C_Slave_Init 0073             __size_of_main 002B  
              _INTCONbits 000B                  intlevel1 0000               _SSPCON2bits 0091  
              _SSPCONbits 0014  
